[04/27/2016 14:36:20] [e(0)] core: Connection not established: ActiveRecord::ConnectionNotEstablished ActiveRecord::ConnectionNotEstablished:
/opt/metasploit/apps/pro/vendor/bundle/ruby/2.1.0/gems/activerecord-4.0.13/lib/active_record/connection_handling.rb:75:in `connection_pool'
/opt/metasploit/apps/pro/msf3/lib/msf/core/db_manager/connection.rb:123:in `connection_established?'
/opt/metasploit/apps/pro/msf3/lib/msf/core/db_manager/adapter.rb:32:in `initialize_adapter'
/opt/metasploit/apps/pro/msf3/lib/msf/core/db_manager.rb:162:in `initialize_database_support'
/opt/metasploit/apps/pro/msf3/lib/msf/core/db_manager.rb:125:in `initialize'
/opt/metasploit/apps/pro/msf3/lib/msf/core/framework.rb:206:in `new'
/opt/metasploit/apps/pro/msf3/lib/msf/core/framework.rb:206:in `block in db'
/opt/metasploit/ruby/lib/ruby/2.1.0/monitor.rb:211:in `mon_synchronize'
/opt/metasploit/apps/pro/msf3/lib/msf/core/framework.rb:205:in `db'
/opt/metasploit/apps/pro/msf3/lib/msf/ui/console/driver.rb:113:in `initialize'
/opt/metasploit/apps/pro/msf3/lib/metasploit/framework/command/console.rb:62:in `new'
/opt/metasploit/apps/pro/msf3/lib/metasploit/framework/command/console.rb:62:in `driver'
/opt/metasploit/apps/pro/msf3/lib/metasploit/framework/command/console.rb:48:in `start'
/opt/metasploit/apps/pro/msf3/lib/metasploit/framework/command/base.rb:82:in `start'
/opt/metasploit/apps/pro/msf3/msfconsole:48:in `<main>'
[04/27/2016 14:36:20] [e(0)] core: Connection not established: ActiveRecord::ConnectionNotEstablished ActiveRecord::ConnectionNotEstablished:
/opt/metasploit/apps/pro/vendor/bundle/ruby/2.1.0/gems/activerecord-4.0.13/lib/active_record/connection_handling.rb:75:in `connection_pool'
/opt/metasploit/apps/pro/msf3/lib/msf/core/db_manager/connection.rb:123:in `connection_established?'
/opt/metasploit/apps/pro/msf3/lib/msf/ui/console/driver.rb:165:in `initialize'
/opt/metasploit/apps/pro/msf3/lib/metasploit/framework/command/console.rb:62:in `new'
/opt/metasploit/apps/pro/msf3/lib/metasploit/framework/command/console.rb:62:in `driver'
/opt/metasploit/apps/pro/msf3/lib/metasploit/framework/command/console.rb:48:in `start'
/opt/metasploit/apps/pro/msf3/lib/metasploit/framework/command/base.rb:82:in `start'
/opt/metasploit/apps/pro/msf3/msfconsole:48:in `<main>'
[04/27/2016 14:40:49] [e(0)] core: Exploit failed (windows/fileformat/adobe_pdf_embedded_exe): The following options failed to validate: INFILENAME.
[04/27/2016 14:41:07] [e(0)] core: Exploit failed (windows/fileformat/adobe_pdf_embedded_exe): The following options failed to validate: INFILENAME.
[04/27/2016 14:41:22] [e(0)] core: Call stack:
/opt/metasploit/apps/pro/msf3/lib/msf/core/exploit/pdf_parse.rb:238:in `fetch'
/opt/metasploit/apps/pro/msf3/lib/msf/core/exploit/pdf_parse.rb:238:in `parse_pdf'
/opt/metasploit/apps/pro/msf3/modules/exploits/windows/fileformat/adobe_pdf_embedded_exe.rb:71:in `exploit'
/opt/metasploit/apps/pro/msf3/lib/msf/core/exploit_driver.rb:206:in `job_run_proc'
/opt/metasploit/apps/pro/msf3/lib/msf/core/exploit_driver.rb:167:in `run'
/opt/metasploit/apps/pro/msf3/lib/msf/base/simple/exploit.rb:136:in `exploit_simple'
/opt/metasploit/apps/pro/msf3/lib/msf/base/simple/exploit.rb:245:in `exploit_simple'
/opt/metasploit/apps/pro/msf3/lib/msf/ui/console/command_dispatcher/exploit.rb:111:in `cmd_exploit'
/opt/metasploit/apps/pro/msf3/lib/rex/ui/text/dispatcher_shell.rb:427:in `run_command'
/opt/metasploit/apps/pro/msf3/lib/rex/ui/text/dispatcher_shell.rb:389:in `block in run_single'
/opt/metasploit/apps/pro/msf3/lib/rex/ui/text/dispatcher_shell.rb:383:in `each'
/opt/metasploit/apps/pro/msf3/lib/rex/ui/text/dispatcher_shell.rb:383:in `run_single'
/opt/metasploit/apps/pro/msf3/lib/rex/ui/text/shell.rb:203:in `run'
/opt/metasploit/apps/pro/msf3/lib/metasploit/framework/command/console.rb:48:in `start'
/opt/metasploit/apps/pro/msf3/lib/metasploit/framework/command/base.rb:82:in `start'
/opt/metasploit/apps/pro/msf3/msfconsole:48:in `<main>'
[04/27/2016 14:50:45] [e(0)] core: Connection not established: ActiveRecord::ConnectionNotEstablished ActiveRecord::ConnectionNotEstablished:
/opt/metasploit/apps/pro/vendor/bundle/ruby/2.1.0/gems/activerecord-4.0.13/lib/active_record/connection_handling.rb:75:in `connection_pool'
/opt/metasploit/apps/pro/msf3/lib/msf/core/db_manager/connection.rb:123:in `connection_established?'
/opt/metasploit/apps/pro/msf3/lib/msf/core/db_manager/adapter.rb:32:in `initialize_adapter'
/opt/metasploit/apps/pro/msf3/lib/msf/core/db_manager.rb:162:in `initialize_database_support'
/opt/metasploit/apps/pro/msf3/lib/msf/core/db_manager.rb:125:in `initialize'
/opt/metasploit/apps/pro/msf3/lib/msf/core/framework.rb:206:in `new'
/opt/metasploit/apps/pro/msf3/lib/msf/core/framework.rb:206:in `block in db'
/opt/metasploit/ruby/lib/ruby/2.1.0/monitor.rb:211:in `mon_synchronize'
/opt/metasploit/apps/pro/msf3/lib/msf/core/framework.rb:205:in `db'
/opt/metasploit/apps/pro/msf3/lib/msf/ui/console/driver.rb:113:in `initialize'
/opt/metasploit/apps/pro/msf3/lib/metasploit/framework/command/console.rb:62:in `new'
/opt/metasploit/apps/pro/msf3/lib/metasploit/framework/command/console.rb:62:in `driver'
/opt/metasploit/apps/pro/msf3/lib/metasploit/framework/command/console.rb:48:in `start'
/opt/metasploit/apps/pro/msf3/lib/metasploit/framework/command/base.rb:82:in `start'
/opt/metasploit/apps/pro/msf3/msfconsole:48:in `<main>'
[04/27/2016 14:50:45] [e(0)] core: Connection not established: ActiveRecord::ConnectionNotEstablished ActiveRecord::ConnectionNotEstablished:
/opt/metasploit/apps/pro/vendor/bundle/ruby/2.1.0/gems/activerecord-4.0.13/lib/active_record/connection_handling.rb:75:in `connection_pool'
/opt/metasploit/apps/pro/msf3/lib/msf/core/db_manager/connection.rb:123:in `connection_established?'
/opt/metasploit/apps/pro/msf3/lib/msf/ui/console/driver.rb:165:in `initialize'
/opt/metasploit/apps/pro/msf3/lib/metasploit/framework/command/console.rb:62:in `new'
/opt/metasploit/apps/pro/msf3/lib/metasploit/framework/command/console.rb:62:in `driver'
/opt/metasploit/apps/pro/msf3/lib/metasploit/framework/command/console.rb:48:in `start'
/opt/metasploit/apps/pro/msf3/lib/metasploit/framework/command/base.rb:82:in `start'
/opt/metasploit/apps/pro/msf3/msfconsole:48:in `<main>'
[04/27/2016 15:24:50] [e(0)] core: Exploit failed (multi/handler): Interrupt 
[04/27/2016 15:25:10] [e(0)] core: Connection not established: ActiveRecord::ConnectionNotEstablished ActiveRecord::ConnectionNotEstablished:
/opt/metasploit/apps/pro/vendor/bundle/ruby/2.1.0/gems/activerecord-4.0.13/lib/active_record/connection_handling.rb:75:in `connection_pool'
/opt/metasploit/apps/pro/msf3/lib/msf/core/db_manager/connection.rb:123:in `connection_established?'
/opt/metasploit/apps/pro/msf3/lib/msf/core/db_manager/adapter.rb:32:in `initialize_adapter'
/opt/metasploit/apps/pro/msf3/lib/msf/core/db_manager.rb:162:in `initialize_database_support'
/opt/metasploit/apps/pro/msf3/lib/msf/core/db_manager.rb:125:in `initialize'
/opt/metasploit/apps/pro/msf3/lib/msf/core/framework.rb:206:in `new'
/opt/metasploit/apps/pro/msf3/lib/msf/core/framework.rb:206:in `block in db'
/opt/metasploit/ruby/lib/ruby/2.1.0/monitor.rb:211:in `mon_synchronize'
/opt/metasploit/apps/pro/msf3/lib/msf/core/framework.rb:205:in `db'
/opt/metasploit/apps/pro/msf3/lib/msf/ui/console/driver.rb:113:in `initialize'
/opt/metasploit/apps/pro/msf3/lib/metasploit/framework/command/console.rb:62:in `new'
/opt/metasploit/apps/pro/msf3/lib/metasploit/framework/command/console.rb:62:in `driver'
/opt/metasploit/apps/pro/msf3/lib/metasploit/framework/command/console.rb:48:in `start'
/opt/metasploit/apps/pro/msf3/lib/metasploit/framework/command/base.rb:82:in `start'
/opt/metasploit/apps/pro/msf3/msfconsole:48:in `<main>'
[04/27/2016 15:25:10] [e(0)] core: Connection not established: ActiveRecord::ConnectionNotEstablished ActiveRecord::ConnectionNotEstablished:
/opt/metasploit/apps/pro/vendor/bundle/ruby/2.1.0/gems/activerecord-4.0.13/lib/active_record/connection_handling.rb:75:in `connection_pool'
/opt/metasploit/apps/pro/msf3/lib/msf/core/db_manager/connection.rb:123:in `connection_established?'
/opt/metasploit/apps/pro/msf3/lib/msf/ui/console/driver.rb:165:in `initialize'
/opt/metasploit/apps/pro/msf3/lib/metasploit/framework/command/console.rb:62:in `new'
/opt/metasploit/apps/pro/msf3/lib/metasploit/framework/command/console.rb:62:in `driver'
/opt/metasploit/apps/pro/msf3/lib/metasploit/framework/command/console.rb:48:in `start'
/opt/metasploit/apps/pro/msf3/lib/metasploit/framework/command/base.rb:82:in `start'
/opt/metasploit/apps/pro/msf3/msfconsole:48:in `<main>'
[04/27/2016 15:26:22] [i(0)] core: windows/meterpreter/reverse_tcp: iteration 1: Successfully encoded with encoder x86/shikata_ga_nai (size is 360)
[04/27/2016 15:33:26] [e(0)] core: Exploit failed (multi/handler): Interrupt 
[04/27/2016 15:35:32] [e(0)] core: Connection not established: ActiveRecord::ConnectionNotEstablished ActiveRecord::ConnectionNotEstablished:
/opt/metasploit/apps/pro/vendor/bundle/ruby/2.1.0/gems/activerecord-4.0.13/lib/active_record/connection_handling.rb:75:in `connection_pool'
/opt/metasploit/apps/pro/msf3/lib/msf/core/db_manager/connection.rb:123:in `connection_established?'
/opt/metasploit/apps/pro/msf3/lib/msf/core/db_manager/adapter.rb:32:in `initialize_adapter'
/opt/metasploit/apps/pro/msf3/lib/msf/core/db_manager.rb:162:in `initialize_database_support'
/opt/metasploit/apps/pro/msf3/lib/msf/core/db_manager.rb:125:in `initialize'
/opt/metasploit/apps/pro/msf3/lib/msf/core/framework.rb:206:in `new'
/opt/metasploit/apps/pro/msf3/lib/msf/core/framework.rb:206:in `block in db'
/opt/metasploit/ruby/lib/ruby/2.1.0/monitor.rb:211:in `mon_synchronize'
/opt/metasploit/apps/pro/msf3/lib/msf/core/framework.rb:205:in `db'
/opt/metasploit/apps/pro/msf3/lib/msf/ui/console/driver.rb:113:in `initialize'
/opt/metasploit/apps/pro/msf3/lib/metasploit/framework/command/console.rb:62:in `new'
/opt/metasploit/apps/pro/msf3/lib/metasploit/framework/command/console.rb:62:in `driver'
/opt/metasploit/apps/pro/msf3/lib/metasploit/framework/command/console.rb:48:in `start'
/opt/metasploit/apps/pro/msf3/lib/metasploit/framework/command/base.rb:82:in `start'
/opt/metasploit/apps/pro/msf3/msfconsole:48:in `<main>'
[04/27/2016 15:35:32] [e(0)] core: Connection not established: ActiveRecord::ConnectionNotEstablished ActiveRecord::ConnectionNotEstablished:
/opt/metasploit/apps/pro/vendor/bundle/ruby/2.1.0/gems/activerecord-4.0.13/lib/active_record/connection_handling.rb:75:in `connection_pool'
/opt/metasploit/apps/pro/msf3/lib/msf/core/db_manager/connection.rb:123:in `connection_established?'
/opt/metasploit/apps/pro/msf3/lib/msf/ui/console/driver.rb:165:in `initialize'
/opt/metasploit/apps/pro/msf3/lib/metasploit/framework/command/console.rb:62:in `new'
/opt/metasploit/apps/pro/msf3/lib/metasploit/framework/command/console.rb:62:in `driver'
/opt/metasploit/apps/pro/msf3/lib/metasploit/framework/command/console.rb:48:in `start'
/opt/metasploit/apps/pro/msf3/lib/metasploit/framework/command/base.rb:82:in `start'
/opt/metasploit/apps/pro/msf3/msfconsole:48:in `<main>'
[04/27/2016 15:36:10] [w(0)] core: Generating SSL certificate for Meterpreter sessions
[04/27/2016 15:36:10] [w(0)] core: Generated SSL certificate for Meterpreter sessions
[04/27/2016 15:36:38] [e(0)] core: Rex::Post::Meterpreter::RequestError priv_elevate_getsystem: Operation failed: The environment is incorrect. (Technique: 0)
/opt/metasploit/apps/pro/msf3/lib/rex/post/meterpreter/extensions/priv/priv.rb:65:in `getsystem'
/opt/metasploit/apps/pro/msf3/lib/rex/post/meterpreter/ui/console/command_dispatcher/priv/elevate.rb:103:in `cmd_getsystem'
/opt/metasploit/apps/pro/msf3/lib/rex/ui/text/dispatcher_shell.rb:427:in `run_command'
/opt/metasploit/apps/pro/msf3/lib/rex/post/meterpreter/ui/console.rb:105:in `run_command'
/opt/metasploit/apps/pro/msf3/lib/rex/ui/text/dispatcher_shell.rb:389:in `block in run_single'
/opt/metasploit/apps/pro/msf3/lib/rex/ui/text/dispatcher_shell.rb:383:in `each'
/opt/metasploit/apps/pro/msf3/lib/rex/ui/text/dispatcher_shell.rb:383:in `run_single'
/opt/metasploit/apps/pro/msf3/lib/rex/post/meterpreter/ui/console.rb:68:in `block in interact'
/opt/metasploit/apps/pro/msf3/lib/rex/ui/text/shell.rb:193:in `call'
/opt/metasploit/apps/pro/msf3/lib/rex/ui/text/shell.rb:193:in `run'
/opt/metasploit/apps/pro/msf3/lib/rex/post/meterpreter/ui/console.rb:66:in `interact'
/opt/metasploit/apps/pro/msf3/lib/msf/base/sessions/meterpreter.rb:436:in `_interact'
/opt/metasploit/apps/pro/msf3/lib/rex/ui/interactive.rb:49:in `interact'
/opt/metasploit/apps/pro/msf3/lib/msf/ui/console/command_dispatcher/core.rb:1861:in `cmd_sessions'
/opt/metasploit/apps/pro/msf3/lib/rex/ui/text/dispatcher_shell.rb:427:in `run_command'
/opt/metasploit/apps/pro/msf3/lib/rex/ui/text/dispatcher_shell.rb:389:in `block in run_single'
/opt/metasploit/apps/pro/msf3/lib/rex/ui/text/dispatcher_shell.rb:383:in `each'
/opt/metasploit/apps/pro/msf3/lib/rex/ui/text/dispatcher_shell.rb:383:in `run_single'
/opt/metasploit/apps/pro/msf3/lib/msf/ui/console/command_dispatcher/exploit.rb:142:in `cmd_exploit'
/opt/metasploit/apps/pro/msf3/lib/rex/ui/text/dispatcher_shell.rb:427:in `run_command'
/opt/metasploit/apps/pro/msf3/lib/rex/ui/text/dispatcher_shell.rb:389:in `block in run_single'
/opt/metasploit/apps/pro/msf3/lib/rex/ui/text/dispatcher_shell.rb:383:in `each'
/opt/metasploit/apps/pro/msf3/lib/rex/ui/text/dispatcher_shell.rb:383:in `run_single'
/opt/metasploit/apps/pro/msf3/lib/rex/ui/text/shell.rb:203:in `run'
/opt/metasploit/apps/pro/msf3/lib/metasploit/framework/command/console.rb:48:in `start'
/opt/metasploit/apps/pro/msf3/lib/metasploit/framework/command/base.rb:82:in `start'
/opt/metasploit/apps/pro/msf3/msfconsole:48:in `<main>'
[04/27/2016 15:36:58] [e(0)] meterpreter: Error running command migrate: Rex::RuntimeError Cannot migrate into this process (insufficient privileges)
[04/27/2016 15:36:58] [d(0)] meterpreter: Call stack:
/opt/metasploit/apps/pro/msf3/lib/rex/post/meterpreter/ui/console/command_dispatcher/core.rb:909:in `cmd_migrate'
/opt/metasploit/apps/pro/msf3/lib/rex/ui/text/dispatcher_shell.rb:427:in `run_command'
/opt/metasploit/apps/pro/msf3/lib/rex/post/meterpreter/ui/console.rb:105:in `run_command'
/opt/metasploit/apps/pro/msf3/lib/rex/ui/text/dispatcher_shell.rb:389:in `block in run_single'
/opt/metasploit/apps/pro/msf3/lib/rex/ui/text/dispatcher_shell.rb:383:in `each'
/opt/metasploit/apps/pro/msf3/lib/rex/ui/text/dispatcher_shell.rb:383:in `run_single'
/opt/metasploit/apps/pro/msf3/lib/rex/post/meterpreter/ui/console.rb:68:in `block in interact'
/opt/metasploit/apps/pro/msf3/lib/rex/ui/text/shell.rb:193:in `call'
/opt/metasploit/apps/pro/msf3/lib/rex/ui/text/shell.rb:193:in `run'
/opt/metasploit/apps/pro/msf3/lib/rex/post/meterpreter/ui/console.rb:66:in `interact'
/opt/metasploit/apps/pro/msf3/lib/msf/base/sessions/meterpreter.rb:436:in `_interact'
/opt/metasploit/apps/pro/msf3/lib/rex/ui/interactive.rb:49:in `interact'
/opt/metasploit/apps/pro/msf3/lib/msf/ui/console/command_dispatcher/core.rb:1861:in `cmd_sessions'
/opt/metasploit/apps/pro/msf3/lib/rex/ui/text/dispatcher_shell.rb:427:in `run_command'
/opt/metasploit/apps/pro/msf3/lib/rex/ui/text/dispatcher_shell.rb:389:in `block in run_single'
/opt/metasploit/apps/pro/msf3/lib/rex/ui/text/dispatcher_shell.rb:383:in `each'
/opt/metasploit/apps/pro/msf3/lib/rex/ui/text/dispatcher_shell.rb:383:in `run_single'
/opt/metasploit/apps/pro/msf3/lib/msf/ui/console/command_dispatcher/exploit.rb:142:in `cmd_exploit'
/opt/metasploit/apps/pro/msf3/lib/rex/ui/text/dispatcher_shell.rb:427:in `run_command'
/opt/metasploit/apps/pro/msf3/lib/rex/ui/text/dispatcher_shell.rb:389:in `block in run_single'
/opt/metasploit/apps/pro/msf3/lib/rex/ui/text/dispatcher_shell.rb:383:in `each'
/opt/metasploit/apps/pro/msf3/lib/rex/ui/text/dispatcher_shell.rb:383:in `run_single'
/opt/metasploit/apps/pro/msf3/lib/rex/ui/text/shell.rb:203:in `run'
/opt/metasploit/apps/pro/msf3/lib/metasploit/framework/command/console.rb:48:in `start'
/opt/metasploit/apps/pro/msf3/lib/metasploit/framework/command/base.rb:82:in `start'
/opt/metasploit/apps/pro/msf3/msfconsole:48:in `<main>'
[04/27/2016 15:59:23] [w(0)] core: Session 2 has died
[06/24/2016 18:46:07] [e(0)] core: Connection not established: ActiveRecord::ConnectionNotEstablished ActiveRecord::ConnectionNotEstablished:
/opt/metasploit/apps/pro/vendor/bundle/ruby/2.1.0/gems/activerecord-4.0.13/lib/active_record/connection_handling.rb:75:in `connection_pool'
/opt/metasploit/apps/pro/msf3/lib/msf/core/db_manager/connection.rb:123:in `connection_established?'
/opt/metasploit/apps/pro/msf3/lib/msf/core/db_manager/adapter.rb:32:in `initialize_adapter'
/opt/metasploit/apps/pro/msf3/lib/msf/core/db_manager.rb:162:in `initialize_database_support'
/opt/metasploit/apps/pro/msf3/lib/msf/core/db_manager.rb:125:in `initialize'
/opt/metasploit/apps/pro/msf3/lib/msf/core/framework.rb:206:in `new'
/opt/metasploit/apps/pro/msf3/lib/msf/core/framework.rb:206:in `block in db'
/opt/metasploit/ruby/lib/ruby/2.1.0/monitor.rb:211:in `mon_synchronize'
/opt/metasploit/apps/pro/msf3/lib/msf/core/framework.rb:205:in `db'
/opt/metasploit/apps/pro/msf3/lib/msf/ui/console/driver.rb:113:in `initialize'
/opt/metasploit/apps/pro/msf3/lib/metasploit/framework/command/console.rb:62:in `new'
/opt/metasploit/apps/pro/msf3/lib/metasploit/framework/command/console.rb:62:in `driver'
/opt/metasploit/apps/pro/msf3/lib/metasploit/framework/command/console.rb:48:in `start'
/opt/metasploit/apps/pro/msf3/lib/metasploit/framework/command/base.rb:82:in `start'
/opt/metasploit/apps/pro/msf3/msfconsole:48:in `<main>'
[06/24/2016 18:46:07] [e(0)] core: Connection not established: ActiveRecord::ConnectionNotEstablished ActiveRecord::ConnectionNotEstablished:
/opt/metasploit/apps/pro/vendor/bundle/ruby/2.1.0/gems/activerecord-4.0.13/lib/active_record/connection_handling.rb:75:in `connection_pool'
/opt/metasploit/apps/pro/msf3/lib/msf/core/db_manager/connection.rb:123:in `connection_established?'
/opt/metasploit/apps/pro/msf3/lib/msf/ui/console/driver.rb:165:in `initialize'
/opt/metasploit/apps/pro/msf3/lib/metasploit/framework/command/console.rb:62:in `new'
/opt/metasploit/apps/pro/msf3/lib/metasploit/framework/command/console.rb:62:in `driver'
/opt/metasploit/apps/pro/msf3/lib/metasploit/framework/command/console.rb:48:in `start'
/opt/metasploit/apps/pro/msf3/lib/metasploit/framework/command/base.rb:82:in `start'
/opt/metasploit/apps/pro/msf3/msfconsole:48:in `<main>'
[08/16/2016 20:18:00] [e(0)] core: Connection not established: ActiveRecord::ConnectionNotEstablished ActiveRecord::ConnectionNotEstablished:
/opt/metasploit/apps/pro/vendor/bundle/ruby/2.1.0/gems/activerecord-4.0.13/lib/active_record/connection_handling.rb:75:in `connection_pool'
/opt/metasploit/apps/pro/msf3/lib/msf/core/db_manager/connection.rb:123:in `connection_established?'
/opt/metasploit/apps/pro/msf3/lib/msf/core/db_manager/adapter.rb:32:in `initialize_adapter'
/opt/metasploit/apps/pro/msf3/lib/msf/core/db_manager.rb:162:in `initialize_database_support'
/opt/metasploit/apps/pro/msf3/lib/msf/core/db_manager.rb:125:in `initialize'
/opt/metasploit/apps/pro/msf3/lib/msf/core/framework.rb:206:in `new'
/opt/metasploit/apps/pro/msf3/lib/msf/core/framework.rb:206:in `block in db'
/opt/metasploit/ruby/lib/ruby/2.1.0/monitor.rb:211:in `mon_synchronize'
/opt/metasploit/apps/pro/msf3/lib/msf/core/framework.rb:205:in `db'
/opt/metasploit/apps/pro/msf3/lib/msf/ui/console/driver.rb:113:in `initialize'
/opt/metasploit/apps/pro/msf3/lib/metasploit/framework/command/console.rb:62:in `new'
/opt/metasploit/apps/pro/msf3/lib/metasploit/framework/command/console.rb:62:in `driver'
/opt/metasploit/apps/pro/msf3/lib/metasploit/framework/command/console.rb:48:in `start'
/opt/metasploit/apps/pro/msf3/lib/metasploit/framework/command/base.rb:82:in `start'
/opt/metasploit/apps/pro/msf3/msfconsole:48:in `<main>'
[08/16/2016 20:18:00] [e(0)] core: Connection not established: ActiveRecord::ConnectionNotEstablished ActiveRecord::ConnectionNotEstablished:
/opt/metasploit/apps/pro/vendor/bundle/ruby/2.1.0/gems/activerecord-4.0.13/lib/active_record/connection_handling.rb:75:in `connection_pool'
/opt/metasploit/apps/pro/msf3/lib/msf/core/db_manager/connection.rb:123:in `connection_established?'
/opt/metasploit/apps/pro/msf3/lib/msf/ui/console/driver.rb:165:in `initialize'
/opt/metasploit/apps/pro/msf3/lib/metasploit/framework/command/console.rb:62:in `new'
/opt/metasploit/apps/pro/msf3/lib/metasploit/framework/command/console.rb:62:in `driver'
/opt/metasploit/apps/pro/msf3/lib/metasploit/framework/command/console.rb:48:in `start'
/opt/metasploit/apps/pro/msf3/lib/metasploit/framework/command/base.rb:82:in `start'
/opt/metasploit/apps/pro/msf3/msfconsole:48:in `<main>'
[08/17/2016 06:53:56] [e(0)] core: Connection not established: ActiveRecord::ConnectionNotEstablished ActiveRecord::ConnectionNotEstablished:
/opt/metasploit/apps/pro/vendor/bundle/ruby/2.1.0/gems/activerecord-4.0.13/lib/active_record/connection_handling.rb:75:in `connection_pool'
/opt/metasploit/apps/pro/msf3/lib/msf/core/db_manager/connection.rb:123:in `connection_established?'
/opt/metasploit/apps/pro/msf3/lib/msf/core/db_manager/adapter.rb:32:in `initialize_adapter'
/opt/metasploit/apps/pro/msf3/lib/msf/core/db_manager.rb:162:in `initialize_database_support'
/opt/metasploit/apps/pro/msf3/lib/msf/core/db_manager.rb:125:in `initialize'
/opt/metasploit/apps/pro/msf3/lib/msf/core/framework.rb:206:in `new'
/opt/metasploit/apps/pro/msf3/lib/msf/core/framework.rb:206:in `block in db'
/opt/metasploit/ruby/lib/ruby/2.1.0/monitor.rb:211:in `mon_synchronize'
/opt/metasploit/apps/pro/msf3/lib/msf/core/framework.rb:205:in `db'
/opt/metasploit/apps/pro/msf3/lib/msf/ui/console/driver.rb:113:in `initialize'
/opt/metasploit/apps/pro/msf3/lib/metasploit/framework/command/console.rb:62:in `new'
/opt/metasploit/apps/pro/msf3/lib/metasploit/framework/command/console.rb:62:in `driver'
/opt/metasploit/apps/pro/msf3/lib/metasploit/framework/command/console.rb:48:in `start'
/opt/metasploit/apps/pro/msf3/lib/metasploit/framework/command/base.rb:82:in `start'
/opt/metasploit/apps/pro/msf3/msfconsole:48:in `<main>'
[08/17/2016 06:53:56] [e(0)] core: Connection not established: ActiveRecord::ConnectionNotEstablished ActiveRecord::ConnectionNotEstablished:
/opt/metasploit/apps/pro/vendor/bundle/ruby/2.1.0/gems/activerecord-4.0.13/lib/active_record/connection_handling.rb:75:in `connection_pool'
/opt/metasploit/apps/pro/msf3/lib/msf/core/db_manager/connection.rb:123:in `connection_established?'
/opt/metasploit/apps/pro/msf3/lib/msf/ui/console/driver.rb:165:in `initialize'
/opt/metasploit/apps/pro/msf3/lib/metasploit/framework/command/console.rb:62:in `new'
/opt/metasploit/apps/pro/msf3/lib/metasploit/framework/command/console.rb:62:in `driver'
/opt/metasploit/apps/pro/msf3/lib/metasploit/framework/command/console.rb:48:in `start'
/opt/metasploit/apps/pro/msf3/lib/metasploit/framework/command/base.rb:82:in `start'
/opt/metasploit/apps/pro/msf3/msfconsole:48:in `<main>'
[08/17/2016 06:56:58] [w(0)] core: Generating SSL certificate for Meterpreter sessions
[08/17/2016 06:56:58] [w(0)] core: Generated SSL certificate for Meterpreter sessions
[08/17/2016 07:00:18] [e(0)] meterpreter: Error running command migrate: Rex::RuntimeError Cannot migrate into this process (insufficient privileges)
[08/17/2016 07:00:18] [d(0)] meterpreter: Call stack:
/opt/metasploit/apps/pro/msf3/lib/rex/post/meterpreter/ui/console/command_dispatcher/core.rb:909:in `cmd_migrate'
/opt/metasploit/apps/pro/msf3/lib/rex/ui/text/dispatcher_shell.rb:427:in `run_command'
/opt/metasploit/apps/pro/msf3/lib/rex/post/meterpreter/ui/console.rb:105:in `run_command'
/opt/metasploit/apps/pro/msf3/lib/rex/ui/text/dispatcher_shell.rb:389:in `block in run_single'
/opt/metasploit/apps/pro/msf3/lib/rex/ui/text/dispatcher_shell.rb:383:in `each'
/opt/metasploit/apps/pro/msf3/lib/rex/ui/text/dispatcher_shell.rb:383:in `run_single'
/opt/metasploit/apps/pro/msf3/lib/rex/post/meterpreter/ui/console.rb:68:in `block in interact'
/opt/metasploit/apps/pro/msf3/lib/rex/ui/text/shell.rb:193:in `call'
/opt/metasploit/apps/pro/msf3/lib/rex/ui/text/shell.rb:193:in `run'
/opt/metasploit/apps/pro/msf3/lib/rex/post/meterpreter/ui/console.rb:66:in `interact'
/opt/metasploit/apps/pro/msf3/lib/msf/base/sessions/meterpreter.rb:436:in `_interact'
/opt/metasploit/apps/pro/msf3/lib/rex/ui/interactive.rb:49:in `interact'
/opt/metasploit/apps/pro/msf3/lib/msf/ui/console/command_dispatcher/core.rb:1861:in `cmd_sessions'
/opt/metasploit/apps/pro/msf3/lib/rex/ui/text/dispatcher_shell.rb:427:in `run_command'
/opt/metasploit/apps/pro/msf3/lib/rex/ui/text/dispatcher_shell.rb:389:in `block in run_single'
/opt/metasploit/apps/pro/msf3/lib/rex/ui/text/dispatcher_shell.rb:383:in `each'
/opt/metasploit/apps/pro/msf3/lib/rex/ui/text/dispatcher_shell.rb:383:in `run_single'
/opt/metasploit/apps/pro/msf3/lib/msf/ui/console/command_dispatcher/exploit.rb:142:in `cmd_exploit'
/opt/metasploit/apps/pro/msf3/lib/rex/ui/text/dispatcher_shell.rb:427:in `run_command'
/opt/metasploit/apps/pro/msf3/lib/rex/ui/text/dispatcher_shell.rb:389:in `block in run_single'
/opt/metasploit/apps/pro/msf3/lib/rex/ui/text/dispatcher_shell.rb:383:in `each'
/opt/metasploit/apps/pro/msf3/lib/rex/ui/text/dispatcher_shell.rb:383:in `run_single'
/opt/metasploit/apps/pro/msf3/lib/rex/ui/text/shell.rb:203:in `run'
/opt/metasploit/apps/pro/msf3/lib/metasploit/framework/command/console.rb:48:in `start'
/opt/metasploit/apps/pro/msf3/lib/metasploit/framework/command/base.rb:82:in `start'
/opt/metasploit/apps/pro/msf3/msfconsole:48:in `<main>'
[08/17/2016 07:00:22] [e(0)] core: Rex::Post::Meterpreter::RequestError priv_elevate_getsystem: Operation failed: Access is denied. (Technique: 0)
/opt/metasploit/apps/pro/msf3/lib/rex/post/meterpreter/extensions/priv/priv.rb:65:in `getsystem'
/opt/metasploit/apps/pro/msf3/lib/rex/post/meterpreter/ui/console/command_dispatcher/priv/elevate.rb:103:in `cmd_getsystem'
/opt/metasploit/apps/pro/msf3/lib/rex/ui/text/dispatcher_shell.rb:427:in `run_command'
/opt/metasploit/apps/pro/msf3/lib/rex/post/meterpreter/ui/console.rb:105:in `run_command'
/opt/metasploit/apps/pro/msf3/lib/rex/ui/text/dispatcher_shell.rb:389:in `block in run_single'
/opt/metasploit/apps/pro/msf3/lib/rex/ui/text/dispatcher_shell.rb:383:in `each'
/opt/metasploit/apps/pro/msf3/lib/rex/ui/text/dispatcher_shell.rb:383:in `run_single'
/opt/metasploit/apps/pro/msf3/lib/rex/post/meterpreter/ui/console.rb:68:in `block in interact'
/opt/metasploit/apps/pro/msf3/lib/rex/ui/text/shell.rb:193:in `call'
/opt/metasploit/apps/pro/msf3/lib/rex/ui/text/shell.rb:193:in `run'
/opt/metasploit/apps/pro/msf3/lib/rex/post/meterpreter/ui/console.rb:66:in `interact'
/opt/metasploit/apps/pro/msf3/lib/msf/base/sessions/meterpreter.rb:436:in `_interact'
/opt/metasploit/apps/pro/msf3/lib/rex/ui/interactive.rb:49:in `interact'
/opt/metasploit/apps/pro/msf3/lib/msf/ui/console/command_dispatcher/core.rb:1861:in `cmd_sessions'
/opt/metasploit/apps/pro/msf3/lib/rex/ui/text/dispatcher_shell.rb:427:in `run_command'
/opt/metasploit/apps/pro/msf3/lib/rex/ui/text/dispatcher_shell.rb:389:in `block in run_single'
/opt/metasploit/apps/pro/msf3/lib/rex/ui/text/dispatcher_shell.rb:383:in `each'
/opt/metasploit/apps/pro/msf3/lib/rex/ui/text/dispatcher_shell.rb:383:in `run_single'
/opt/metasploit/apps/pro/msf3/lib/msf/ui/console/command_dispatcher/exploit.rb:142:in `cmd_exploit'
/opt/metasploit/apps/pro/msf3/lib/rex/ui/text/dispatcher_shell.rb:427:in `run_command'
/opt/metasploit/apps/pro/msf3/lib/rex/ui/text/dispatcher_shell.rb:389:in `block in run_single'
/opt/metasploit/apps/pro/msf3/lib/rex/ui/text/dispatcher_shell.rb:383:in `each'
/opt/metasploit/apps/pro/msf3/lib/rex/ui/text/dispatcher_shell.rb:383:in `run_single'
/opt/metasploit/apps/pro/msf3/lib/rex/ui/text/shell.rb:203:in `run'
/opt/metasploit/apps/pro/msf3/lib/metasploit/framework/command/console.rb:48:in `start'
/opt/metasploit/apps/pro/msf3/lib/metasploit/framework/command/base.rb:82:in `start'
/opt/metasploit/apps/pro/msf3/msfconsole:48:in `<main>'
[08/17/2016 07:02:04] [e(0)] core: Connection not established: ActiveRecord::ConnectionNotEstablished ActiveRecord::ConnectionNotEstablished:
/opt/metasploit/apps/pro/vendor/bundle/ruby/2.1.0/gems/activerecord-4.0.13/lib/active_record/connection_handling.rb:75:in `connection_pool'
/opt/metasploit/apps/pro/msf3/lib/msf/core/db_manager/connection.rb:123:in `connection_established?'
/opt/metasploit/apps/pro/msf3/lib/msf/core/db_manager/adapter.rb:32:in `initialize_adapter'
/opt/metasploit/apps/pro/msf3/lib/msf/core/db_manager.rb:162:in `initialize_database_support'
/opt/metasploit/apps/pro/msf3/lib/msf/core/db_manager.rb:125:in `initialize'
/opt/metasploit/apps/pro/msf3/lib/msf/core/framework.rb:206:in `new'
/opt/metasploit/apps/pro/msf3/lib/msf/core/framework.rb:206:in `block in db'
/opt/metasploit/ruby/lib/ruby/2.1.0/monitor.rb:211:in `mon_synchronize'
/opt/metasploit/apps/pro/msf3/lib/msf/core/framework.rb:205:in `db'
/opt/metasploit/apps/pro/msf3/lib/msf/ui/console/driver.rb:113:in `initialize'
/opt/metasploit/apps/pro/msf3/lib/metasploit/framework/command/console.rb:62:in `new'
/opt/metasploit/apps/pro/msf3/lib/metasploit/framework/command/console.rb:62:in `driver'
/opt/metasploit/apps/pro/msf3/lib/metasploit/framework/command/console.rb:48:in `start'
/opt/metasploit/apps/pro/msf3/lib/metasploit/framework/command/base.rb:82:in `start'
/opt/metasploit/apps/pro/msf3/msfconsole:48:in `<main>'
[08/17/2016 07:02:04] [e(0)] core: Connection not established: ActiveRecord::ConnectionNotEstablished ActiveRecord::ConnectionNotEstablished:
/opt/metasploit/apps/pro/vendor/bundle/ruby/2.1.0/gems/activerecord-4.0.13/lib/active_record/connection_handling.rb:75:in `connection_pool'
/opt/metasploit/apps/pro/msf3/lib/msf/core/db_manager/connection.rb:123:in `connection_established?'
/opt/metasploit/apps/pro/msf3/lib/msf/ui/console/driver.rb:165:in `initialize'
/opt/metasploit/apps/pro/msf3/lib/metasploit/framework/command/console.rb:62:in `new'
/opt/metasploit/apps/pro/msf3/lib/metasploit/framework/command/console.rb:62:in `driver'
/opt/metasploit/apps/pro/msf3/lib/metasploit/framework/command/console.rb:48:in `start'
/opt/metasploit/apps/pro/msf3/lib/metasploit/framework/command/base.rb:82:in `start'
/opt/metasploit/apps/pro/msf3/msfconsole:48:in `<main>'
[08/17/2016 07:02:27] [e(0)] core: ArgumentError : Invalid Payload Selected
/opt/metasploit/apps/pro/msf3/lib/msf/core/payload_generator.rb:125:in `initialize'
/opt/metasploit/apps/pro/msf3/msfvenom:343:in `new'
/opt/metasploit/apps/pro/msf3/msfvenom:343:in `<main>'
[08/17/2016 07:02:35] [e(0)] core: ArgumentError : Invalid Payload Selected
/opt/metasploit/apps/pro/msf3/lib/msf/core/payload_generator.rb:125:in `initialize'
/opt/metasploit/apps/pro/msf3/msfvenom:343:in `new'
/opt/metasploit/apps/pro/msf3/msfvenom:343:in `<main>'
[08/17/2016 07:02:40] [e(0)] core: ArgumentError : Invalid Payload Selected
/opt/metasploit/apps/pro/msf3/lib/msf/core/payload_generator.rb:125:in `initialize'
/opt/metasploit/apps/pro/msf3/msfvenom:343:in `new'
/opt/metasploit/apps/pro/msf3/msfvenom:343:in `<main>'
[08/17/2016 07:02:45] [e(0)] core: ArgumentError : Invalid Payload Selected
/opt/metasploit/apps/pro/msf3/lib/msf/core/payload_generator.rb:125:in `initialize'
/opt/metasploit/apps/pro/msf3/msfvenom:343:in `new'
/opt/metasploit/apps/pro/msf3/msfvenom:343:in `<main>'
[08/17/2016 07:03:39] [e(0)] core: ArgumentError : Invalid Payload Selected
/opt/metasploit/apps/pro/msf3/lib/msf/core/payload_generator.rb:125:in `initialize'
/opt/metasploit/apps/pro/msf3/msfvenom:343:in `new'
/opt/metasploit/apps/pro/msf3/msfvenom:343:in `<main>'
[08/17/2016 07:14:07] [e(0)] core: Connection not established: ActiveRecord::ConnectionNotEstablished ActiveRecord::ConnectionNotEstablished:
/opt/metasploit/apps/pro/vendor/bundle/ruby/2.1.0/gems/activerecord-4.0.13/lib/active_record/connection_handling.rb:75:in `connection_pool'
/opt/metasploit/apps/pro/msf3/lib/msf/core/db_manager/connection.rb:123:in `connection_established?'
/opt/metasploit/apps/pro/msf3/lib/msf/core/db_manager/adapter.rb:32:in `initialize_adapter'
/opt/metasploit/apps/pro/msf3/lib/msf/core/db_manager.rb:162:in `initialize_database_support'
/opt/metasploit/apps/pro/msf3/lib/msf/core/db_manager.rb:125:in `initialize'
/opt/metasploit/apps/pro/msf3/lib/msf/core/framework.rb:206:in `new'
/opt/metasploit/apps/pro/msf3/lib/msf/core/framework.rb:206:in `block in db'
/opt/metasploit/ruby/lib/ruby/2.1.0/monitor.rb:211:in `mon_synchronize'
/opt/metasploit/apps/pro/msf3/lib/msf/core/framework.rb:205:in `db'
/opt/metasploit/apps/pro/msf3/lib/msf/ui/console/driver.rb:113:in `initialize'
/opt/metasploit/apps/pro/msf3/lib/metasploit/framework/command/console.rb:62:in `new'
/opt/metasploit/apps/pro/msf3/lib/metasploit/framework/command/console.rb:62:in `driver'
/opt/metasploit/apps/pro/msf3/lib/metasploit/framework/command/console.rb:48:in `start'
/opt/metasploit/apps/pro/msf3/lib/metasploit/framework/command/base.rb:82:in `start'
/opt/metasploit/apps/pro/msf3/msfconsole:48:in `<main>'
[08/17/2016 07:14:07] [e(0)] core: Connection not established: ActiveRecord::ConnectionNotEstablished ActiveRecord::ConnectionNotEstablished:
/opt/metasploit/apps/pro/vendor/bundle/ruby/2.1.0/gems/activerecord-4.0.13/lib/active_record/connection_handling.rb:75:in `connection_pool'
/opt/metasploit/apps/pro/msf3/lib/msf/core/db_manager/connection.rb:123:in `connection_established?'
/opt/metasploit/apps/pro/msf3/lib/msf/ui/console/driver.rb:165:in `initialize'
/opt/metasploit/apps/pro/msf3/lib/metasploit/framework/command/console.rb:62:in `new'
/opt/metasploit/apps/pro/msf3/lib/metasploit/framework/command/console.rb:62:in `driver'
/opt/metasploit/apps/pro/msf3/lib/metasploit/framework/command/console.rb:48:in `start'
/opt/metasploit/apps/pro/msf3/lib/metasploit/framework/command/base.rb:82:in `start'
/opt/metasploit/apps/pro/msf3/msfconsole:48:in `<main>'
[08/17/2016 07:15:40] [w(0)] core: Generating SSL certificate for Meterpreter sessions
[08/17/2016 07:15:40] [w(0)] core: Generated SSL certificate for Meterpreter sessions
[08/17/2016 07:23:00] [e(0)] meterpreter: stdapi_sys_process_execute: Operation failed: The system cannot find the file specified.
[08/17/2016 07:23:00] [d(0)] meterpreter: Call stack:
/opt/metasploit/apps/pro/msf3/lib/rex/post/meterpreter/extensions/stdapi/sys/process.rb:163:in `execute'
/opt/metasploit/apps/pro/msf3/lib/rex/post/meterpreter/ui/console/command_dispatcher/stdapi/sys.rb:218:in `cmd_execute'
/opt/metasploit/apps/pro/msf3/lib/rex/ui/text/dispatcher_shell.rb:427:in `run_command'
/opt/metasploit/apps/pro/msf3/lib/rex/post/meterpreter/ui/console.rb:105:in `run_command'
/opt/metasploit/apps/pro/msf3/lib/rex/ui/text/dispatcher_shell.rb:389:in `block in run_single'
/opt/metasploit/apps/pro/msf3/lib/rex/ui/text/dispatcher_shell.rb:383:in `each'
/opt/metasploit/apps/pro/msf3/lib/rex/ui/text/dispatcher_shell.rb:383:in `run_single'
/opt/metasploit/apps/pro/msf3/lib/rex/post/meterpreter/ui/console.rb:68:in `block in interact'
/opt/metasploit/apps/pro/msf3/lib/rex/ui/text/shell.rb:193:in `call'
/opt/metasploit/apps/pro/msf3/lib/rex/ui/text/shell.rb:193:in `run'
/opt/metasploit/apps/pro/msf3/lib/rex/post/meterpreter/ui/console.rb:66:in `interact'
/opt/metasploit/apps/pro/msf3/lib/msf/base/sessions/meterpreter.rb:436:in `_interact'
/opt/metasploit/apps/pro/msf3/lib/rex/ui/interactive.rb:49:in `interact'
/opt/metasploit/apps/pro/msf3/lib/msf/ui/console/command_dispatcher/core.rb:1861:in `cmd_sessions'
/opt/metasploit/apps/pro/msf3/lib/rex/ui/text/dispatcher_shell.rb:427:in `run_command'
/opt/metasploit/apps/pro/msf3/lib/rex/ui/text/dispatcher_shell.rb:389:in `block in run_single'
/opt/metasploit/apps/pro/msf3/lib/rex/ui/text/dispatcher_shell.rb:383:in `each'
/opt/metasploit/apps/pro/msf3/lib/rex/ui/text/dispatcher_shell.rb:383:in `run_single'
/opt/metasploit/apps/pro/msf3/lib/msf/ui/console/command_dispatcher/exploit.rb:142:in `cmd_exploit'
/opt/metasploit/apps/pro/msf3/lib/rex/ui/text/dispatcher_shell.rb:427:in `run_command'
/opt/metasploit/apps/pro/msf3/lib/rex/ui/text/dispatcher_shell.rb:389:in `block in run_single'
/opt/metasploit/apps/pro/msf3/lib/rex/ui/text/dispatcher_shell.rb:383:in `each'
/opt/metasploit/apps/pro/msf3/lib/rex/ui/text/dispatcher_shell.rb:383:in `run_single'
/opt/metasploit/apps/pro/msf3/lib/rex/ui/text/shell.rb:203:in `run'
/opt/metasploit/apps/pro/msf3/lib/metasploit/framework/command/console.rb:48:in `start'
/opt/metasploit/apps/pro/msf3/lib/metasploit/framework/command/base.rb:82:in `start'
/opt/metasploit/apps/pro/msf3/msfconsole:48:in `<main>'
[08/17/2016 07:23:29] [e(0)] meterpreter: Error running command search: Interrupt 
[08/17/2016 07:23:29] [d(0)] meterpreter: Call stack:
/opt/metasploit/apps/pro/msf3/lib/rex/post/meterpreter/packet_response_waiter.rb:62:in `select'
/opt/metasploit/apps/pro/msf3/lib/rex/post/meterpreter/packet_response_waiter.rb:62:in `wait'
/opt/metasploit/apps/pro/msf3/lib/rex/post/meterpreter/packet_dispatcher.rb:228:in `send_packet_wait_response'
/opt/metasploit/apps/pro/msf3/lib/rex/post/meterpreter/packet_dispatcher.rb:197:in `send_request'
/opt/metasploit/apps/pro/msf3/lib/rex/post/meterpreter/extensions/stdapi/fs/file.rb:90:in `search'
/opt/metasploit/apps/pro/msf3/lib/rex/post/meterpreter/ui/console/command_dispatcher/stdapi/fs.rb:150:in `block in cmd_search'
/opt/metasploit/apps/pro/msf3/lib/rex/post/meterpreter/ui/console/command_dispatcher/stdapi/fs.rb:149:in `each'
/opt/metasploit/apps/pro/msf3/lib/rex/post/meterpreter/ui/console/command_dispatcher/stdapi/fs.rb:149:in `cmd_search'
/opt/metasploit/apps/pro/msf3/lib/rex/ui/text/dispatcher_shell.rb:427:in `run_command'
/opt/metasploit/apps/pro/msf3/lib/rex/post/meterpreter/ui/console.rb:105:in `run_command'
/opt/metasploit/apps/pro/msf3/lib/rex/ui/text/dispatcher_shell.rb:389:in `block in run_single'
/opt/metasploit/apps/pro/msf3/lib/rex/ui/text/dispatcher_shell.rb:383:in `each'
/opt/metasploit/apps/pro/msf3/lib/rex/ui/text/dispatcher_shell.rb:383:in `run_single'
/opt/metasploit/apps/pro/msf3/lib/rex/post/meterpreter/ui/console.rb:68:in `block in interact'
/opt/metasploit/apps/pro/msf3/lib/rex/ui/text/shell.rb:193:in `call'
/opt/metasploit/apps/pro/msf3/lib/rex/ui/text/shell.rb:193:in `run'
/opt/metasploit/apps/pro/msf3/lib/rex/post/meterpreter/ui/console.rb:66:in `interact'
/opt/metasploit/apps/pro/msf3/lib/msf/base/sessions/meterpreter.rb:436:in `_interact'
/opt/metasploit/apps/pro/msf3/lib/rex/ui/interactive.rb:49:in `interact'
/opt/metasploit/apps/pro/msf3/lib/msf/ui/console/command_dispatcher/core.rb:1861:in `cmd_sessions'
/opt/metasploit/apps/pro/msf3/lib/rex/ui/text/dispatcher_shell.rb:427:in `run_command'
/opt/metasploit/apps/pro/msf3/lib/rex/ui/text/dispatcher_shell.rb:389:in `block in run_single'
/opt/metasploit/apps/pro/msf3/lib/rex/ui/text/dispatcher_shell.rb:383:in `each'
/opt/metasploit/apps/pro/msf3/lib/rex/ui/text/dispatcher_shell.rb:383:in `run_single'
/opt/metasploit/apps/pro/msf3/lib/msf/ui/console/command_dispatcher/exploit.rb:142:in `cmd_exploit'
/opt/metasploit/apps/pro/msf3/lib/rex/ui/text/dispatcher_shell.rb:427:in `run_command'
/opt/metasploit/apps/pro/msf3/lib/rex/ui/text/dispatcher_shell.rb:389:in `block in run_single'
/opt/metasploit/apps/pro/msf3/lib/rex/ui/text/dispatcher_shell.rb:383:in `each'
/opt/metasploit/apps/pro/msf3/lib/rex/ui/text/dispatcher_shell.rb:383:in `run_single'
/opt/metasploit/apps/pro/msf3/lib/rex/ui/text/shell.rb:203:in `run'
/opt/metasploit/apps/pro/msf3/lib/metasploit/framework/command/console.rb:48:in `start'
/opt/metasploit/apps/pro/msf3/lib/metasploit/framework/command/base.rb:82:in `start'
/opt/metasploit/apps/pro/msf3/msfconsole:48:in `<main>'
[08/17/2016 07:24:14] [e(0)] meterpreter: stdapi_ui_get_keys: Operation failed: Incorrect function.
[08/17/2016 07:24:14] [d(0)] meterpreter: Call stack:
/opt/metasploit/apps/pro/msf3/lib/rex/post/meterpreter/extensions/stdapi/ui.rb:230:in `keyscan_dump'
/opt/metasploit/apps/pro/msf3/lib/rex/post/meterpreter/ui/console/command_dispatcher/stdapi/ui.rb:315:in `cmd_keyscan_dump'
/opt/metasploit/apps/pro/msf3/lib/rex/ui/text/dispatcher_shell.rb:427:in `run_command'
/opt/metasploit/apps/pro/msf3/lib/rex/post/meterpreter/ui/console.rb:105:in `run_command'
/opt/metasploit/apps/pro/msf3/lib/rex/ui/text/dispatcher_shell.rb:389:in `block in run_single'
/opt/metasploit/apps/pro/msf3/lib/rex/ui/text/dispatcher_shell.rb:383:in `each'
/opt/metasploit/apps/pro/msf3/lib/rex/ui/text/dispatcher_shell.rb:383:in `run_single'
/opt/metasploit/apps/pro/msf3/lib/rex/post/meterpreter/ui/console.rb:68:in `block in interact'
/opt/metasploit/apps/pro/msf3/lib/rex/ui/text/shell.rb:193:in `call'
/opt/metasploit/apps/pro/msf3/lib/rex/ui/text/shell.rb:193:in `run'
/opt/metasploit/apps/pro/msf3/lib/rex/post/meterpreter/ui/console.rb:66:in `interact'
/opt/metasploit/apps/pro/msf3/lib/msf/base/sessions/meterpreter.rb:436:in `_interact'
/opt/metasploit/apps/pro/msf3/lib/rex/ui/interactive.rb:49:in `interact'
/opt/metasploit/apps/pro/msf3/lib/msf/ui/console/command_dispatcher/core.rb:1861:in `cmd_sessions'
/opt/metasploit/apps/pro/msf3/lib/rex/ui/text/dispatcher_shell.rb:427:in `run_command'
/opt/metasploit/apps/pro/msf3/lib/rex/ui/text/dispatcher_shell.rb:389:in `block in run_single'
/opt/metasploit/apps/pro/msf3/lib/rex/ui/text/dispatcher_shell.rb:383:in `each'
/opt/metasploit/apps/pro/msf3/lib/rex/ui/text/dispatcher_shell.rb:383:in `run_single'
/opt/metasploit/apps/pro/msf3/lib/msf/ui/console/command_dispatcher/exploit.rb:142:in `cmd_exploit'
/opt/metasploit/apps/pro/msf3/lib/rex/ui/text/dispatcher_shell.rb:427:in `run_command'
/opt/metasploit/apps/pro/msf3/lib/rex/ui/text/dispatcher_shell.rb:389:in `block in run_single'
/opt/metasploit/apps/pro/msf3/lib/rex/ui/text/dispatcher_shell.rb:383:in `each'
/opt/metasploit/apps/pro/msf3/lib/rex/ui/text/dispatcher_shell.rb:383:in `run_single'
/opt/metasploit/apps/pro/msf3/lib/rex/ui/text/shell.rb:203:in `run'
/opt/metasploit/apps/pro/msf3/lib/metasploit/framework/command/console.rb:48:in `start'
/opt/metasploit/apps/pro/msf3/lib/metasploit/framework/command/base.rb:82:in `start'
/opt/metasploit/apps/pro/msf3/msfconsole:48:in `<main>'
[08/17/2016 07:28:30] [e(0)] meterpreter: stdapi_sys_config_steal_token: Operation failed: 4294967295
[08/17/2016 07:28:30] [d(0)] meterpreter: Call stack:
/opt/metasploit/apps/pro/msf3/lib/rex/post/meterpreter/extensions/stdapi/sys/config.rb:115:in `steal_token'
/opt/metasploit/apps/pro/msf3/lib/rex/post/meterpreter/ui/console/command_dispatcher/stdapi/sys.rb:789:in `cmd_steal_token'
/opt/metasploit/apps/pro/msf3/lib/rex/ui/text/dispatcher_shell.rb:427:in `run_command'
/opt/metasploit/apps/pro/msf3/lib/rex/post/meterpreter/ui/console.rb:105:in `run_command'
/opt/metasploit/apps/pro/msf3/lib/rex/ui/text/dispatcher_shell.rb:389:in `block in run_single'
/opt/metasploit/apps/pro/msf3/lib/rex/ui/text/dispatcher_shell.rb:383:in `each'
/opt/metasploit/apps/pro/msf3/lib/rex/ui/text/dispatcher_shell.rb:383:in `run_single'
/opt/metasploit/apps/pro/msf3/lib/rex/post/meterpreter/ui/console.rb:68:in `block in interact'
/opt/metasploit/apps/pro/msf3/lib/rex/ui/text/shell.rb:193:in `call'
/opt/metasploit/apps/pro/msf3/lib/rex/ui/text/shell.rb:193:in `run'
/opt/metasploit/apps/pro/msf3/lib/rex/post/meterpreter/ui/console.rb:66:in `interact'
/opt/metasploit/apps/pro/msf3/lib/msf/base/sessions/meterpreter.rb:436:in `_interact'
/opt/metasploit/apps/pro/msf3/lib/rex/ui/interactive.rb:49:in `interact'
/opt/metasploit/apps/pro/msf3/lib/msf/ui/console/command_dispatcher/core.rb:1861:in `cmd_sessions'
/opt/metasploit/apps/pro/msf3/lib/rex/ui/text/dispatcher_shell.rb:427:in `run_command'
/opt/metasploit/apps/pro/msf3/lib/rex/ui/text/dispatcher_shell.rb:389:in `block in run_single'
/opt/metasploit/apps/pro/msf3/lib/rex/ui/text/dispatcher_shell.rb:383:in `each'
/opt/metasploit/apps/pro/msf3/lib/rex/ui/text/dispatcher_shell.rb:383:in `run_single'
/opt/metasploit/apps/pro/msf3/lib/msf/ui/console/command_dispatcher/exploit.rb:142:in `cmd_exploit'
/opt/metasploit/apps/pro/msf3/lib/rex/ui/text/dispatcher_shell.rb:427:in `run_command'
/opt/metasploit/apps/pro/msf3/lib/rex/ui/text/dispatcher_shell.rb:389:in `block in run_single'
/opt/metasploit/apps/pro/msf3/lib/rex/ui/text/dispatcher_shell.rb:383:in `each'
/opt/metasploit/apps/pro/msf3/lib/rex/ui/text/dispatcher_shell.rb:383:in `run_single'
/opt/metasploit/apps/pro/msf3/lib/rex/ui/text/shell.rb:203:in `run'
/opt/metasploit/apps/pro/msf3/lib/metasploit/framework/command/console.rb:48:in `start'
/opt/metasploit/apps/pro/msf3/lib/metasploit/framework/command/base.rb:82:in `start'
/opt/metasploit/apps/pro/msf3/msfconsole:48:in `<main>'
[08/17/2016 07:31:08] [e(0)] core: Exception raised from handle_connection: Rex::BindFailed: The address is already in use or unavailable: (127.0.0.1:5900).

/opt/metasploit/apps/pro/msf3/lib/rex/socket/comm/local.rb:198:in `rescue in create_by_type'
/opt/metasploit/apps/pro/msf3/lib/rex/socket/comm/local.rb:192:in `create_by_type'
/opt/metasploit/apps/pro/msf3/lib/rex/socket/comm/local.rb:33:in `create'
/opt/metasploit/apps/pro/msf3/lib/rex/socket.rb:47:in `create_param'
/opt/metasploit/apps/pro/msf3/lib/rex/socket.rb:54:in `create_tcp'
/opt/metasploit/apps/pro/msf3/lib/rex/socket.rb:61:in `create_tcp_server'
/opt/metasploit/apps/pro/msf3/lib/rex/services/local_relay.rb:193:in `start_tcp_relay'
/opt/metasploit/apps/pro/msf3/lib/msf/base/sessions/vncinject.rb:114:in `setup_relay'
/opt/metasploit/apps/pro/msf3/lib/msf/base/sessions/vncinject_options.rb:82:in `on_session'
/opt/metasploit/apps/pro/msf3/lib/msf/core/handler.rb:224:in `register_session'
/opt/metasploit/apps/pro/msf3/lib/msf/core/handler.rb:207:in `create_session'
/opt/metasploit/apps/pro/msf3/lib/msf/core/payload/stager.rb:236:in `handle_connection_stage'
/opt/metasploit/apps/pro/msf3/lib/msf/core/payload/stager.rb:222:in `handle_connection'
/opt/metasploit/apps/pro/msf3/lib/msf/core/handler/reverse_tcp.rb:186:in `block (2 levels) in start_handler'
/opt/metasploit/apps/pro/msf3/lib/msf/core/handler/reverse_tcp.rb:163:in `loop'
/opt/metasploit/apps/pro/msf3/lib/msf/core/handler/reverse_tcp.rb:163:in `block in start_handler'
/opt/metasploit/apps/pro/msf3/lib/msf/core/thread_manager.rb:100:in `call'
/opt/metasploit/apps/pro/msf3/lib/msf/core/thread_manager.rb:100:in `block in spawn'
[08/17/2016 07:31:20] [e(0)] meterpreter: stdapi_fs_delete_file: Operation failed: The system cannot find the file specified.
[08/17/2016 07:31:20] [d(0)] meterpreter: Call stack:
/opt/metasploit/apps/pro/msf3/lib/rex/post/meterpreter/extensions/stdapi/fs/file.rb:200:in `rm'
/opt/metasploit/apps/pro/msf3/lib/rex/post/meterpreter/ui/console/command_dispatcher/stdapi/fs.rb:235:in `cmd_rm'
/opt/metasploit/apps/pro/msf3/lib/rex/ui/text/dispatcher_shell.rb:427:in `run_command'
/opt/metasploit/apps/pro/msf3/lib/rex/post/meterpreter/ui/console.rb:105:in `run_command'
/opt/metasploit/apps/pro/msf3/lib/rex/ui/text/dispatcher_shell.rb:389:in `block in run_single'
/opt/metasploit/apps/pro/msf3/lib/rex/ui/text/dispatcher_shell.rb:383:in `each'
/opt/metasploit/apps/pro/msf3/lib/rex/ui/text/dispatcher_shell.rb:383:in `run_single'
/opt/metasploit/apps/pro/msf3/lib/rex/post/meterpreter/ui/console.rb:68:in `block in interact'
/opt/metasploit/apps/pro/msf3/lib/rex/ui/text/shell.rb:193:in `call'
/opt/metasploit/apps/pro/msf3/lib/rex/ui/text/shell.rb:193:in `run'
/opt/metasploit/apps/pro/msf3/lib/rex/post/meterpreter/ui/console.rb:66:in `interact'
/opt/metasploit/apps/pro/msf3/lib/msf/base/sessions/meterpreter.rb:436:in `_interact'
/opt/metasploit/apps/pro/msf3/lib/rex/ui/interactive.rb:49:in `interact'
/opt/metasploit/apps/pro/msf3/lib/msf/ui/console/command_dispatcher/core.rb:1861:in `cmd_sessions'
/opt/metasploit/apps/pro/msf3/lib/rex/ui/text/dispatcher_shell.rb:427:in `run_command'
/opt/metasploit/apps/pro/msf3/lib/rex/ui/text/dispatcher_shell.rb:389:in `block in run_single'
/opt/metasploit/apps/pro/msf3/lib/rex/ui/text/dispatcher_shell.rb:383:in `each'
/opt/metasploit/apps/pro/msf3/lib/rex/ui/text/dispatcher_shell.rb:383:in `run_single'
/opt/metasploit/apps/pro/msf3/lib/msf/ui/console/command_dispatcher/exploit.rb:142:in `cmd_exploit'
/opt/metasploit/apps/pro/msf3/lib/rex/ui/text/dispatcher_shell.rb:427:in `run_command'
/opt/metasploit/apps/pro/msf3/lib/rex/ui/text/dispatcher_shell.rb:389:in `block in run_single'
/opt/metasploit/apps/pro/msf3/lib/rex/ui/text/dispatcher_shell.rb:383:in `each'
/opt/metasploit/apps/pro/msf3/lib/rex/ui/text/dispatcher_shell.rb:383:in `run_single'
/opt/metasploit/apps/pro/msf3/lib/rex/ui/text/shell.rb:203:in `run'
/opt/metasploit/apps/pro/msf3/lib/metasploit/framework/command/console.rb:48:in `start'
/opt/metasploit/apps/pro/msf3/lib/metasploit/framework/command/base.rb:82:in `start'
/opt/metasploit/apps/pro/msf3/msfconsole:48:in `<main>'
[08/17/2016 07:37:12] [e(0)] meterpreter: Error running command sysinfo: Interrupt 
[08/17/2016 07:37:12] [d(0)] meterpreter: Call stack:
/opt/metasploit/apps/pro/msf3/lib/rex/post/meterpreter/packet_response_waiter.rb:68:in `select'
/opt/metasploit/apps/pro/msf3/lib/rex/post/meterpreter/packet_response_waiter.rb:68:in `block in wait'
/opt/metasploit/ruby/lib/ruby/2.1.0/timeout.rb:91:in `block in timeout'
/opt/metasploit/ruby/lib/ruby/2.1.0/timeout.rb:35:in `block in catch'
/opt/metasploit/ruby/lib/ruby/2.1.0/timeout.rb:35:in `catch'
/opt/metasploit/ruby/lib/ruby/2.1.0/timeout.rb:35:in `catch'
/opt/metasploit/ruby/lib/ruby/2.1.0/timeout.rb:106:in `timeout'
/opt/metasploit/apps/pro/msf3/lib/rex/post/meterpreter/packet_response_waiter.rb:66:in `wait'
/opt/metasploit/apps/pro/msf3/lib/rex/post/meterpreter/packet_dispatcher.rb:228:in `send_packet_wait_response'
/opt/metasploit/apps/pro/msf3/lib/rex/post/meterpreter/packet_dispatcher.rb:197:in `send_request'
/opt/metasploit/apps/pro/msf3/lib/rex/post/meterpreter/extensions/stdapi/sys/config.rb:90:in `sysinfo'
/opt/metasploit/apps/pro/msf3/lib/rex/post/meterpreter/ui/console/command_dispatcher/stdapi/sys.rb:803:in `cmd_sysinfo'
/opt/metasploit/apps/pro/msf3/lib/rex/ui/text/dispatcher_shell.rb:427:in `run_command'
/opt/metasploit/apps/pro/msf3/lib/rex/post/meterpreter/ui/console.rb:105:in `run_command'
/opt/metasploit/apps/pro/msf3/lib/rex/ui/text/dispatcher_shell.rb:389:in `block in run_single'
/opt/metasploit/apps/pro/msf3/lib/rex/ui/text/dispatcher_shell.rb:383:in `each'
/opt/metasploit/apps/pro/msf3/lib/rex/ui/text/dispatcher_shell.rb:383:in `run_single'
/opt/metasploit/apps/pro/msf3/lib/rex/post/meterpreter/ui/console.rb:68:in `block in interact'
/opt/metasploit/apps/pro/msf3/lib/rex/ui/text/shell.rb:193:in `call'
/opt/metasploit/apps/pro/msf3/lib/rex/ui/text/shell.rb:193:in `run'
/opt/metasploit/apps/pro/msf3/lib/rex/post/meterpreter/ui/console.rb:66:in `interact'
/opt/metasploit/apps/pro/msf3/lib/msf/base/sessions/meterpreter.rb:436:in `_interact'
/opt/metasploit/apps/pro/msf3/lib/rex/ui/interactive.rb:49:in `interact'
/opt/metasploit/apps/pro/msf3/lib/msf/ui/console/command_dispatcher/core.rb:1861:in `cmd_sessions'
/opt/metasploit/apps/pro/msf3/lib/rex/ui/text/dispatcher_shell.rb:427:in `run_command'
/opt/metasploit/apps/pro/msf3/lib/rex/ui/text/dispatcher_shell.rb:389:in `block in run_single'
/opt/metasploit/apps/pro/msf3/lib/rex/ui/text/dispatcher_shell.rb:383:in `each'
/opt/metasploit/apps/pro/msf3/lib/rex/ui/text/dispatcher_shell.rb:383:in `run_single'
/opt/metasploit/apps/pro/msf3/lib/msf/ui/console/command_dispatcher/exploit.rb:142:in `cmd_exploit'
/opt/metasploit/apps/pro/msf3/lib/rex/ui/text/dispatcher_shell.rb:427:in `run_command'
/opt/metasploit/apps/pro/msf3/lib/rex/ui/text/dispatcher_shell.rb:389:in `block in run_single'
/opt/metasploit/apps/pro/msf3/lib/rex/ui/text/dispatcher_shell.rb:383:in `each'
/opt/metasploit/apps/pro/msf3/lib/rex/ui/text/dispatcher_shell.rb:383:in `run_single'
/opt/metasploit/apps/pro/msf3/lib/rex/ui/text/shell.rb:203:in `run'
/opt/metasploit/apps/pro/msf3/lib/metasploit/framework/command/console.rb:48:in `start'
/opt/metasploit/apps/pro/msf3/lib/metasploit/framework/command/base.rb:82:in `start'
/opt/metasploit/apps/pro/msf3/msfconsole:48:in `<main>'
[08/17/2016 07:37:16] [e(0)] meterpreter: Error running command ls: Interrupt 
[08/17/2016 07:37:16] [d(0)] meterpreter: Call stack:
/opt/metasploit/apps/pro/msf3/lib/rex/post/meterpreter/packet_response_waiter.rb:68:in `select'
/opt/metasploit/apps/pro/msf3/lib/rex/post/meterpreter/packet_response_waiter.rb:68:in `block in wait'
/opt/metasploit/ruby/lib/ruby/2.1.0/timeout.rb:91:in `block in timeout'
/opt/metasploit/ruby/lib/ruby/2.1.0/timeout.rb:35:in `block in catch'
/opt/metasploit/ruby/lib/ruby/2.1.0/timeout.rb:35:in `catch'
/opt/metasploit/ruby/lib/ruby/2.1.0/timeout.rb:35:in `catch'
/opt/metasploit/ruby/lib/ruby/2.1.0/timeout.rb:106:in `timeout'
/opt/metasploit/apps/pro/msf3/lib/rex/post/meterpreter/packet_response_waiter.rb:66:in `wait'
/opt/metasploit/apps/pro/msf3/lib/rex/post/meterpreter/packet_dispatcher.rb:228:in `send_packet_wait_response'
/opt/metasploit/apps/pro/msf3/lib/rex/post/meterpreter/packet_dispatcher.rb:197:in `send_request'
/opt/metasploit/apps/pro/msf3/lib/rex/post/meterpreter/extensions/stdapi/fs/dir.rb:149:in `pwd'
/opt/metasploit/apps/pro/msf3/lib/rex/post/meterpreter/extensions/stdapi/fs/dir.rb:158:in `getwd'
/opt/metasploit/apps/pro/msf3/lib/rex/post/meterpreter/ui/console/command_dispatcher/stdapi/fs.rb:491:in `cmd_ls'
/opt/metasploit/apps/pro/msf3/lib/rex/ui/text/dispatcher_shell.rb:427:in `run_command'
/opt/metasploit/apps/pro/msf3/lib/rex/post/meterpreter/ui/console.rb:105:in `run_command'
/opt/metasploit/apps/pro/msf3/lib/rex/ui/text/dispatcher_shell.rb:389:in `block in run_single'
/opt/metasploit/apps/pro/msf3/lib/rex/ui/text/dispatcher_shell.rb:383:in `each'
/opt/metasploit/apps/pro/msf3/lib/rex/ui/text/dispatcher_shell.rb:383:in `run_single'
/opt/metasploit/apps/pro/msf3/lib/rex/post/meterpreter/ui/console.rb:68:in `block in interact'
/opt/metasploit/apps/pro/msf3/lib/rex/ui/text/shell.rb:193:in `call'
/opt/metasploit/apps/pro/msf3/lib/rex/ui/text/shell.rb:193:in `run'
/opt/metasploit/apps/pro/msf3/lib/rex/post/meterpreter/ui/console.rb:66:in `interact'
/opt/metasploit/apps/pro/msf3/lib/msf/base/sessions/meterpreter.rb:436:in `_interact'
/opt/metasploit/apps/pro/msf3/lib/rex/ui/interactive.rb:49:in `interact'
/opt/metasploit/apps/pro/msf3/lib/msf/ui/console/command_dispatcher/core.rb:1861:in `cmd_sessions'
/opt/metasploit/apps/pro/msf3/lib/rex/ui/text/dispatcher_shell.rb:427:in `run_command'
/opt/metasploit/apps/pro/msf3/lib/rex/ui/text/dispatcher_shell.rb:389:in `block in run_single'
/opt/metasploit/apps/pro/msf3/lib/rex/ui/text/dispatcher_shell.rb:383:in `each'
/opt/metasploit/apps/pro/msf3/lib/rex/ui/text/dispatcher_shell.rb:383:in `run_single'
/opt/metasploit/apps/pro/msf3/lib/msf/ui/console/command_dispatcher/exploit.rb:142:in `cmd_exploit'
/opt/metasploit/apps/pro/msf3/lib/rex/ui/text/dispatcher_shell.rb:427:in `run_command'
/opt/metasploit/apps/pro/msf3/lib/rex/ui/text/dispatcher_shell.rb:389:in `block in run_single'
/opt/metasploit/apps/pro/msf3/lib/rex/ui/text/dispatcher_shell.rb:383:in `each'
/opt/metasploit/apps/pro/msf3/lib/rex/ui/text/dispatcher_shell.rb:383:in `run_single'
/opt/metasploit/apps/pro/msf3/lib/rex/ui/text/shell.rb:203:in `run'
/opt/metasploit/apps/pro/msf3/lib/metasploit/framework/command/console.rb:48:in `start'
/opt/metasploit/apps/pro/msf3/lib/metasploit/framework/command/base.rb:82:in `start'
/opt/metasploit/apps/pro/msf3/msfconsole:48:in `<main>'
[08/17/2016 07:37:28] [w(0)] core: Session 1 has died
[08/17/2016 07:37:31] [e(0)] meterpreter: Error running command getuid: Interrupt 
[08/17/2016 07:37:31] [d(0)] meterpreter: Call stack:
/opt/metasploit/apps/pro/msf3/lib/rex/post/meterpreter/packet_response_waiter.rb:68:in `select'
/opt/metasploit/apps/pro/msf3/lib/rex/post/meterpreter/packet_response_waiter.rb:68:in `block in wait'
/opt/metasploit/ruby/lib/ruby/2.1.0/timeout.rb:91:in `block in timeout'
/opt/metasploit/ruby/lib/ruby/2.1.0/timeout.rb:35:in `block in catch'
/opt/metasploit/ruby/lib/ruby/2.1.0/timeout.rb:35:in `catch'
/opt/metasploit/ruby/lib/ruby/2.1.0/timeout.rb:35:in `catch'
/opt/metasploit/ruby/lib/ruby/2.1.0/timeout.rb:106:in `timeout'
/opt/metasploit/apps/pro/msf3/lib/rex/post/meterpreter/packet_response_waiter.rb:66:in `wait'
/opt/metasploit/apps/pro/msf3/lib/rex/post/meterpreter/packet_dispatcher.rb:228:in `send_packet_wait_response'
/opt/metasploit/apps/pro/msf3/lib/rex/post/meterpreter/packet_dispatcher.rb:197:in `send_request'
/opt/metasploit/apps/pro/msf3/lib/rex/post/meterpreter/extensions/stdapi/sys/config.rb:34:in `getuid'
/opt/metasploit/apps/pro/msf3/lib/rex/post/meterpreter/ui/console/command_dispatcher/stdapi/sys.rb:281:in `cmd_getuid'
/opt/metasploit/apps/pro/msf3/lib/rex/ui/text/dispatcher_shell.rb:427:in `run_command'
/opt/metasploit/apps/pro/msf3/lib/rex/post/meterpreter/ui/console.rb:105:in `run_command'
/opt/metasploit/apps/pro/msf3/lib/rex/ui/text/dispatcher_shell.rb:389:in `block in run_single'
/opt/metasploit/apps/pro/msf3/lib/rex/ui/text/dispatcher_shell.rb:383:in `each'
/opt/metasploit/apps/pro/msf3/lib/rex/ui/text/dispatcher_shell.rb:383:in `run_single'
/opt/metasploit/apps/pro/msf3/lib/rex/post/meterpreter/ui/console.rb:68:in `block in interact'
/opt/metasploit/apps/pro/msf3/lib/rex/ui/text/shell.rb:193:in `call'
/opt/metasploit/apps/pro/msf3/lib/rex/ui/text/shell.rb:193:in `run'
/opt/metasploit/apps/pro/msf3/lib/rex/post/meterpreter/ui/console.rb:66:in `interact'
/opt/metasploit/apps/pro/msf3/lib/msf/base/sessions/meterpreter.rb:436:in `_interact'
/opt/metasploit/apps/pro/msf3/lib/rex/ui/interactive.rb:49:in `interact'
/opt/metasploit/apps/pro/msf3/lib/msf/ui/console/command_dispatcher/core.rb:1861:in `cmd_sessions'
/opt/metasploit/apps/pro/msf3/lib/rex/ui/text/dispatcher_shell.rb:427:in `run_command'
/opt/metasploit/apps/pro/msf3/lib/rex/ui/text/dispatcher_shell.rb:389:in `block in run_single'
/opt/metasploit/apps/pro/msf3/lib/rex/ui/text/dispatcher_shell.rb:383:in `each'
/opt/metasploit/apps/pro/msf3/lib/rex/ui/text/dispatcher_shell.rb:383:in `run_single'
/opt/metasploit/apps/pro/msf3/lib/msf/ui/console/command_dispatcher/exploit.rb:142:in `cmd_exploit'
/opt/metasploit/apps/pro/msf3/lib/rex/ui/text/dispatcher_shell.rb:427:in `run_command'
/opt/metasploit/apps/pro/msf3/lib/rex/ui/text/dispatcher_shell.rb:389:in `block in run_single'
/opt/metasploit/apps/pro/msf3/lib/rex/ui/text/dispatcher_shell.rb:383:in `each'
/opt/metasploit/apps/pro/msf3/lib/rex/ui/text/dispatcher_shell.rb:383:in `run_single'
/opt/metasploit/apps/pro/msf3/lib/rex/ui/text/shell.rb:203:in `run'
/opt/metasploit/apps/pro/msf3/lib/metasploit/framework/command/console.rb:48:in `start'
/opt/metasploit/apps/pro/msf3/lib/metasploit/framework/command/base.rb:82:in `start'
/opt/metasploit/apps/pro/msf3/msfconsole:48:in `<main>'
[08/17/2016 07:44:48] [e(0)] core: Exploit failed (multi/handler): Interrupt 
[08/18/2016 11:20:05] [e(0)] core: Connection not established: ActiveRecord::ConnectionNotEstablished ActiveRecord::ConnectionNotEstablished:
/opt/metasploit/apps/pro/vendor/bundle/ruby/2.1.0/gems/activerecord-4.0.13/lib/active_record/connection_handling.rb:75:in `connection_pool'
/opt/metasploit/apps/pro/msf3/lib/msf/core/db_manager/connection.rb:123:in `connection_established?'
/opt/metasploit/apps/pro/msf3/lib/msf/core/db_manager/adapter.rb:32:in `initialize_adapter'
/opt/metasploit/apps/pro/msf3/lib/msf/core/db_manager.rb:162:in `initialize_database_support'
/opt/metasploit/apps/pro/msf3/lib/msf/core/db_manager.rb:125:in `initialize'
/opt/metasploit/apps/pro/msf3/lib/msf/core/framework.rb:206:in `new'
/opt/metasploit/apps/pro/msf3/lib/msf/core/framework.rb:206:in `block in db'
/opt/metasploit/ruby/lib/ruby/2.1.0/monitor.rb:211:in `mon_synchronize'
/opt/metasploit/apps/pro/msf3/lib/msf/core/framework.rb:205:in `db'
/opt/metasploit/apps/pro/msf3/lib/msf/ui/console/driver.rb:113:in `initialize'
/opt/metasploit/apps/pro/msf3/lib/metasploit/framework/command/console.rb:62:in `new'
/opt/metasploit/apps/pro/msf3/lib/metasploit/framework/command/console.rb:62:in `driver'
/opt/metasploit/apps/pro/msf3/lib/metasploit/framework/command/console.rb:48:in `start'
/opt/metasploit/apps/pro/msf3/lib/metasploit/framework/command/base.rb:82:in `start'
/opt/metasploit/apps/pro/msf3/msfconsole:48:in `<main>'
[08/18/2016 11:20:05] [e(0)] core: Connection not established: ActiveRecord::ConnectionNotEstablished ActiveRecord::ConnectionNotEstablished:
/opt/metasploit/apps/pro/vendor/bundle/ruby/2.1.0/gems/activerecord-4.0.13/lib/active_record/connection_handling.rb:75:in `connection_pool'
/opt/metasploit/apps/pro/msf3/lib/msf/core/db_manager/connection.rb:123:in `connection_established?'
/opt/metasploit/apps/pro/msf3/lib/msf/ui/console/driver.rb:165:in `initialize'
/opt/metasploit/apps/pro/msf3/lib/metasploit/framework/command/console.rb:62:in `new'
/opt/metasploit/apps/pro/msf3/lib/metasploit/framework/command/console.rb:62:in `driver'
/opt/metasploit/apps/pro/msf3/lib/metasploit/framework/command/console.rb:48:in `start'
/opt/metasploit/apps/pro/msf3/lib/metasploit/framework/command/base.rb:82:in `start'
/opt/metasploit/apps/pro/msf3/msfconsole:48:in `<main>'
[08/18/2016 11:20:39] [w(0)] core: Generating SSL certificate for Meterpreter sessions
[08/18/2016 11:20:39] [w(0)] core: Generated SSL certificate for Meterpreter sessions
[08/18/2016 11:26:46] [e(0)] core: Rex::Post::Meterpreter::RequestError priv_elevate_getsystem: Operation failed: Access is denied. (Technique: 0)
/opt/metasploit/apps/pro/msf3/lib/rex/post/meterpreter/extensions/priv/priv.rb:65:in `getsystem'
/opt/metasploit/apps/pro/msf3/lib/rex/post/meterpreter/ui/console/command_dispatcher/priv/elevate.rb:103:in `cmd_getsystem'
/opt/metasploit/apps/pro/msf3/lib/rex/ui/text/dispatcher_shell.rb:427:in `run_command'
/opt/metasploit/apps/pro/msf3/lib/rex/post/meterpreter/ui/console.rb:105:in `run_command'
/opt/metasploit/apps/pro/msf3/lib/rex/ui/text/dispatcher_shell.rb:389:in `block in run_single'
/opt/metasploit/apps/pro/msf3/lib/rex/ui/text/dispatcher_shell.rb:383:in `each'
/opt/metasploit/apps/pro/msf3/lib/rex/ui/text/dispatcher_shell.rb:383:in `run_single'
/opt/metasploit/apps/pro/msf3/lib/rex/post/meterpreter/ui/console.rb:68:in `block in interact'
/opt/metasploit/apps/pro/msf3/lib/rex/ui/text/shell.rb:193:in `call'
/opt/metasploit/apps/pro/msf3/lib/rex/ui/text/shell.rb:193:in `run'
/opt/metasploit/apps/pro/msf3/lib/rex/post/meterpreter/ui/console.rb:66:in `interact'
/opt/metasploit/apps/pro/msf3/lib/msf/base/sessions/meterpreter.rb:436:in `_interact'
/opt/metasploit/apps/pro/msf3/lib/rex/ui/interactive.rb:49:in `interact'
/opt/metasploit/apps/pro/msf3/lib/msf/ui/console/command_dispatcher/core.rb:1861:in `cmd_sessions'
/opt/metasploit/apps/pro/msf3/lib/rex/ui/text/dispatcher_shell.rb:427:in `run_command'
/opt/metasploit/apps/pro/msf3/lib/rex/ui/text/dispatcher_shell.rb:389:in `block in run_single'
/opt/metasploit/apps/pro/msf3/lib/rex/ui/text/dispatcher_shell.rb:383:in `each'
/opt/metasploit/apps/pro/msf3/lib/rex/ui/text/dispatcher_shell.rb:383:in `run_single'
/opt/metasploit/apps/pro/msf3/lib/msf/ui/console/command_dispatcher/exploit.rb:142:in `cmd_exploit'
/opt/metasploit/apps/pro/msf3/lib/rex/ui/text/dispatcher_shell.rb:427:in `run_command'
/opt/metasploit/apps/pro/msf3/lib/rex/ui/text/dispatcher_shell.rb:389:in `block in run_single'
/opt/metasploit/apps/pro/msf3/lib/rex/ui/text/dispatcher_shell.rb:383:in `each'
/opt/metasploit/apps/pro/msf3/lib/rex/ui/text/dispatcher_shell.rb:383:in `run_single'
/opt/metasploit/apps/pro/msf3/lib/rex/ui/text/shell.rb:203:in `run'
/opt/metasploit/apps/pro/msf3/lib/metasploit/framework/command/console.rb:48:in `start'
/opt/metasploit/apps/pro/msf3/lib/metasploit/framework/command/base.rb:82:in `start'
/opt/metasploit/apps/pro/msf3/msfconsole:48:in `<main>'
                                                      [08/18/2016 12:05:11] [e(0)] core: Connection not established: ActiveRecord::ConnectionNotEstablished ActiveRecord::ConnectionNotEstablished:
/opt/metasploit/apps/pro/vendor/bundle/ruby/2.1.0/gems/activerecord-4.0.13/lib/active_record/connection_handling.rb:75:in `connection_pool'
/opt/metasploit/apps/pro/msf3/lib/msf/core/db_manager/connection.rb:123:in `connection_established?'
/opt/metasploit/apps/pro/msf3/lib/msf/core/db_manager/adapter.rb:32:in `initialize_adapter'
/opt/metasploit/apps/pro/msf3/lib/msf/core/db_manager.rb:162:in `initialize_database_support'
/opt/metasploit/apps/pro/msf3/lib/msf/core/db_manager.rb:125:in `initialize'
/opt/metasploit/apps/pro/msf3/lib/msf/core/framework.rb:206:in `new'
/opt/metasploit/apps/pro/msf3/lib/msf/core/framework.rb:206:in `block in db'
/opt/metasploit/ruby/lib/ruby/2.1.0/monitor.rb:211:in `mon_synchronize'
/opt/metasploit/apps/pro/msf3/lib/msf/core/framework.rb:205:in `db'
/opt/metasploit/apps/pro/msf3/lib/msf/ui/console/driver.rb:113:in `initialize'
/opt/metasploit/apps/pro/msf3/lib/metasploit/framework/command/console.rb:62:in `new'
/opt/metasploit/apps/pro/msf3/lib/metasploit/framework/command/console.rb:62:in `driver'
/opt/metasploit/apps/pro/msf3/lib/metasploit/framework/command/console.rb:48:in `start'
/opt/metasploit/apps/pro/msf3/lib/metasploit/framework/command/base.rb:82:in `start'
/opt/metasploit/apps/pro/msf3/msfconsole:48:in `<main>'
[08/18/2016 12:05:11] [e(0)] core: Connection not established: ActiveRecord::ConnectionNotEstablished ActiveRecord::ConnectionNotEstablished:
/opt/metasploit/apps/pro/vendor/bundle/ruby/2.1.0/gems/activerecord-4.0.13/lib/active_record/connection_handling.rb:75:in `connection_pool'
/opt/metasploit/apps/pro/msf3/lib/msf/core/db_manager/connection.rb:123:in `connection_established?'
/opt/metasploit/apps/pro/msf3/lib/msf/ui/console/driver.rb:165:in `initialize'
/opt/metasploit/apps/pro/msf3/lib/metasploit/framework/command/console.rb:62:in `new'
/opt/metasploit/apps/pro/msf3/lib/metasploit/framework/command/console.rb:62:in `driver'
/opt/metasploit/apps/pro/msf3/lib/metasploit/framework/command/console.rb:48:in `start'
/opt/metasploit/apps/pro/msf3/lib/metasploit/framework/command/base.rb:82:in `start'
/opt/metasploit/apps/pro/msf3/msfconsole:48:in `<main>'
[08/18/2016 12:05:43] [w(0)] core: Generating SSL certificate for Meterpreter sessions
[08/18/2016 12:05:44] [w(0)] core: Generated SSL certificate for Meterpreter sessions
[08/18/2016 12:06:24] [e(0)] meterpreter: Failed to load extension: No module of the name ext_server_mikiatz.x86.dll found
[08/18/2016 12:06:24] [d(0)] meterpreter: Call stack:
/opt/metasploit/apps/pro/msf3/lib/rex/post/meterpreter/ui/console/command_dispatcher/core.rb:976:in `block in cmd_load'
/opt/metasploit/apps/pro/msf3/lib/rex/post/meterpreter/ui/console/command_dispatcher/core.rb:964:in `each'
/opt/metasploit/apps/pro/msf3/lib/rex/post/meterpreter/ui/console/command_dispatcher/core.rb:964:in `cmd_load'
/opt/metasploit/apps/pro/msf3/lib/rex/ui/text/dispatcher_shell.rb:427:in `run_command'
/opt/metasploit/apps/pro/msf3/lib/rex/post/meterpreter/ui/console.rb:105:in `run_command'
/opt/metasploit/apps/pro/msf3/lib/rex/ui/text/dispatcher_shell.rb:389:in `block in run_single'
/opt/metasploit/apps/pro/msf3/lib/rex/ui/text/dispatcher_shell.rb:383:in `each'
/opt/metasploit/apps/pro/msf3/lib/rex/ui/text/dispatcher_shell.rb:383:in `run_single'
/opt/metasploit/apps/pro/msf3/lib/rex/post/meterpreter/ui/console.rb:68:in `block in interact'
/opt/metasploit/apps/pro/msf3/lib/rex/ui/text/shell.rb:193:in `call'
/opt/metasploit/apps/pro/msf3/lib/rex/ui/text/shell.rb:193:in `run'
/opt/metasploit/apps/pro/msf3/lib/rex/post/meterpreter/ui/console.rb:66:in `interact'
/opt/metasploit/apps/pro/msf3/lib/msf/base/sessions/meterpreter.rb:436:in `_interact'
/opt/metasploit/apps/pro/msf3/lib/rex/ui/interactive.rb:49:in `interact'
/opt/metasploit/apps/pro/msf3/lib/msf/ui/console/command_dispatcher/core.rb:1861:in `cmd_sessions'
/opt/metasploit/apps/pro/msf3/lib/rex/ui/text/dispatcher_shell.rb:427:in `run_command'
/opt/metasploit/apps/pro/msf3/lib/rex/ui/text/dispatcher_shell.rb:389:in `block in run_single'
/opt/metasploit/apps/pro/msf3/lib/rex/ui/text/dispatcher_shell.rb:383:in `each'
/opt/metasploit/apps/pro/msf3/lib/rex/ui/text/dispatcher_shell.rb:383:in `run_single'
/opt/metasploit/apps/pro/msf3/lib/msf/ui/console/command_dispatcher/exploit.rb:142:in `cmd_exploit'
/opt/metasploit/apps/pro/msf3/lib/rex/ui/text/dispatcher_shell.rb:427:in `run_command'
/opt/metasploit/apps/pro/msf3/lib/rex/ui/text/dispatcher_shell.rb:389:in `block in run_single'
/opt/metasploit/apps/pro/msf3/lib/rex/ui/text/dispatcher_shell.rb:383:in `each'
/opt/metasploit/apps/pro/msf3/lib/rex/ui/text/dispatcher_shell.rb:383:in `run_single'
/opt/metasploit/apps/pro/msf3/lib/rex/ui/text/shell.rb:203:in `run'
/opt/metasploit/apps/pro/msf3/lib/metasploit/framework/command/console.rb:48:in `start'
/opt/metasploit/apps/pro/msf3/lib/metasploit/framework/command/base.rb:82:in `start'
/opt/metasploit/apps/pro/msf3/msfconsole:48:in `<main>'
[08/18/2016 12:06:26] [e(0)] meterpreter: Failed to load extension: No module of the name ext_server_mikikatz.x86.dll found
[08/18/2016 12:06:26] [d(0)] meterpreter: Call stack:
/opt/metasploit/apps/pro/msf3/lib/rex/post/meterpreter/ui/console/command_dispatcher/core.rb:976:in `block in cmd_load'
/opt/metasploit/apps/pro/msf3/lib/rex/post/meterpreter/ui/console/command_dispatcher/core.rb:964:in `each'
/opt/metasploit/apps/pro/msf3/lib/rex/post/meterpreter/ui/console/command_dispatcher/core.rb:964:in `cmd_load'
/opt/metasploit/apps/pro/msf3/lib/rex/ui/text/dispatcher_shell.rb:427:in `run_command'
/opt/metasploit/apps/pro/msf3/lib/rex/post/meterpreter/ui/console.rb:105:in `run_command'
/opt/metasploit/apps/pro/msf3/lib/rex/ui/text/dispatcher_shell.rb:389:in `block in run_single'
/opt/metasploit/apps/pro/msf3/lib/rex/ui/text/dispatcher_shell.rb:383:in `each'
/opt/metasploit/apps/pro/msf3/lib/rex/ui/text/dispatcher_shell.rb:383:in `run_single'
/opt/metasploit/apps/pro/msf3/lib/rex/post/meterpreter/ui/console.rb:68:in `block in interact'
/opt/metasploit/apps/pro/msf3/lib/rex/ui/text/shell.rb:193:in `call'
/opt/metasploit/apps/pro/msf3/lib/rex/ui/text/shell.rb:193:in `run'
/opt/metasploit/apps/pro/msf3/lib/rex/post/meterpreter/ui/console.rb:66:in `interact'
/opt/metasploit/apps/pro/msf3/lib/msf/base/sessions/meterpreter.rb:436:in `_interact'
/opt/metasploit/apps/pro/msf3/lib/rex/ui/interactive.rb:49:in `interact'
/opt/metasploit/apps/pro/msf3/lib/msf/ui/console/command_dispatcher/core.rb:1861:in `cmd_sessions'
/opt/metasploit/apps/pro/msf3/lib/rex/ui/text/dispatcher_shell.rb:427:in `run_command'
/opt/metasploit/apps/pro/msf3/lib/rex/ui/text/dispatcher_shell.rb:389:in `block in run_single'
/opt/metasploit/apps/pro/msf3/lib/rex/ui/text/dispatcher_shell.rb:383:in `each'
/opt/metasploit/apps/pro/msf3/lib/rex/ui/text/dispatcher_shell.rb:383:in `run_single'
/opt/metasploit/apps/pro/msf3/lib/msf/ui/console/command_dispatcher/exploit.rb:142:in `cmd_exploit'
/opt/metasploit/apps/pro/msf3/lib/rex/ui/text/dispatcher_shell.rb:427:in `run_command'
/opt/metasploit/apps/pro/msf3/lib/rex/ui/text/dispatcher_shell.rb:389:in `block in run_single'
/opt/metasploit/apps/pro/msf3/lib/rex/ui/text/dispatcher_shell.rb:383:in `each'
/opt/metasploit/apps/pro/msf3/lib/rex/ui/text/dispatcher_shell.rb:383:in `run_single'
/opt/metasploit/apps/pro/msf3/lib/rex/ui/text/shell.rb:203:in `run'
/opt/metasploit/apps/pro/msf3/lib/metasploit/framework/command/console.rb:48:in `start'
/opt/metasploit/apps/pro/msf3/lib/metasploit/framework/command/base.rb:82:in `start'
/opt/metasploit/apps/pro/msf3/msfconsole:48:in `<main>'
[08/18/2016 12:43:50] [w(0)] core: Session 1 has died
[10/10/2016 11:15:21] [e(0)] core: Connection not established: ActiveRecord::ConnectionNotEstablished ActiveRecord::ConnectionNotEstablished:
/opt/metasploit/apps/pro/vendor/bundle/ruby/2.1.0/gems/activerecord-4.0.13/lib/active_record/connection_handling.rb:75:in `connection_pool'
/opt/metasploit/apps/pro/msf3/lib/msf/core/db_manager/connection.rb:123:in `connection_established?'
/opt/metasploit/apps/pro/msf3/lib/msf/core/db_manager/adapter.rb:32:in `initialize_adapter'
/opt/metasploit/apps/pro/msf3/lib/msf/core/db_manager.rb:162:in `initialize_database_support'
/opt/metasploit/apps/pro/msf3/lib/msf/core/db_manager.rb:125:in `initialize'
/opt/metasploit/apps/pro/msf3/lib/msf/core/framework.rb:206:in `new'
/opt/metasploit/apps/pro/msf3/lib/msf/core/framework.rb:206:in `block in db'
/opt/metasploit/ruby/lib/ruby/2.1.0/monitor.rb:211:in `mon_synchronize'
/opt/metasploit/apps/pro/msf3/lib/msf/core/framework.rb:205:in `db'
/opt/metasploit/apps/pro/msf3/lib/msf/ui/console/driver.rb:113:in `initialize'
/opt/metasploit/apps/pro/msf3/lib/metasploit/framework/command/console.rb:62:in `new'
/opt/metasploit/apps/pro/msf3/lib/metasploit/framework/command/console.rb:62:in `driver'
/opt/metasploit/apps/pro/msf3/lib/metasploit/framework/command/console.rb:48:in `start'
/opt/metasploit/apps/pro/msf3/lib/metasploit/framework/command/base.rb:82:in `start'
/opt/metasploit/apps/pro/msf3/msfconsole:48:in `<main>'
[10/10/2016 11:15:21] [e(0)] core: Connection not established: ActiveRecord::ConnectionNotEstablished ActiveRecord::ConnectionNotEstablished:
/opt/metasploit/apps/pro/vendor/bundle/ruby/2.1.0/gems/activerecord-4.0.13/lib/active_record/connection_handling.rb:75:in `connection_pool'
/opt/metasploit/apps/pro/msf3/lib/msf/core/db_manager/connection.rb:123:in `connection_established?'
/opt/metasploit/apps/pro/msf3/lib/msf/ui/console/driver.rb:165:in `initialize'
/opt/metasploit/apps/pro/msf3/lib/metasploit/framework/command/console.rb:62:in `new'
/opt/metasploit/apps/pro/msf3/lib/metasploit/framework/command/console.rb:62:in `driver'
/opt/metasploit/apps/pro/msf3/lib/metasploit/framework/command/console.rb:48:in `start'
/opt/metasploit/apps/pro/msf3/lib/metasploit/framework/command/base.rb:82:in `start'
/opt/metasploit/apps/pro/msf3/msfconsole:48:in `<main>'
[10/10/2016 11:21:17] [e(0)] core: Connection not established: ActiveRecord::ConnectionNotEstablished ActiveRecord::ConnectionNotEstablished:
/opt/metasploit/apps/pro/vendor/bundle/ruby/2.1.0/gems/activerecord-4.0.13/lib/active_record/connection_handling.rb:75:in `connection_pool'
/opt/metasploit/apps/pro/msf3/lib/msf/core/db_manager/connection.rb:123:in `connection_established?'
/opt/metasploit/apps/pro/msf3/lib/msf/core/db_manager/adapter.rb:32:in `initialize_adapter'
/opt/metasploit/apps/pro/msf3/lib/msf/core/db_manager.rb:162:in `initialize_database_support'
/opt/metasploit/apps/pro/msf3/lib/msf/core/db_manager.rb:125:in `initialize'
/opt/metasploit/apps/pro/msf3/lib/msf/core/framework.rb:206:in `new'
/opt/metasploit/apps/pro/msf3/lib/msf/core/framework.rb:206:in `block in db'
/opt/metasploit/ruby/lib/ruby/2.1.0/monitor.rb:211:in `mon_synchronize'
/opt/metasploit/apps/pro/msf3/lib/msf/core/framework.rb:205:in `db'
/opt/metasploit/apps/pro/msf3/lib/msf/ui/console/driver.rb:113:in `initialize'
/opt/metasploit/apps/pro/msf3/lib/metasploit/framework/command/console.rb:62:in `new'
/opt/metasploit/apps/pro/msf3/lib/metasploit/framework/command/console.rb:62:in `driver'
/opt/metasploit/apps/pro/msf3/lib/metasploit/framework/command/console.rb:48:in `start'
/opt/metasploit/apps/pro/msf3/lib/metasploit/framework/command/base.rb:82:in `start'
/opt/metasploit/apps/pro/msf3/msfconsole:48:in `<main>'
[10/10/2016 11:21:17] [e(0)] core: Connection not established: ActiveRecord::ConnectionNotEstablished ActiveRecord::ConnectionNotEstablished:
/opt/metasploit/apps/pro/vendor/bundle/ruby/2.1.0/gems/activerecord-4.0.13/lib/active_record/connection_handling.rb:75:in `connection_pool'
/opt/metasploit/apps/pro/msf3/lib/msf/core/db_manager/connection.rb:123:in `connection_established?'
/opt/metasploit/apps/pro/msf3/lib/msf/ui/console/driver.rb:165:in `initialize'
/opt/metasploit/apps/pro/msf3/lib/metasploit/framework/command/console.rb:62:in `new'
/opt/metasploit/apps/pro/msf3/lib/metasploit/framework/command/console.rb:62:in `driver'
/opt/metasploit/apps/pro/msf3/lib/metasploit/framework/command/console.rb:48:in `start'
/opt/metasploit/apps/pro/msf3/lib/metasploit/framework/command/base.rb:82:in `start'
/opt/metasploit/apps/pro/msf3/msfconsole:48:in `<main>'
[10/10/2016 20:24:17] [e(0)] core: Connection not established: ActiveRecord::ConnectionNotEstablished ActiveRecord::ConnectionNotEstablished:
/opt/metasploit/apps/pro/vendor/bundle/ruby/2.1.0/gems/activerecord-4.0.13/lib/active_record/connection_handling.rb:75:in `connection_pool'
/opt/metasploit/apps/pro/msf3/lib/msf/core/db_manager/connection.rb:123:in `connection_established?'
/opt/metasploit/apps/pro/msf3/lib/msf/core/db_manager/adapter.rb:32:in `initialize_adapter'
/opt/metasploit/apps/pro/msf3/lib/msf/core/db_manager.rb:162:in `initialize_database_support'
/opt/metasploit/apps/pro/msf3/lib/msf/core/db_manager.rb:125:in `initialize'
/opt/metasploit/apps/pro/msf3/lib/msf/core/framework.rb:206:in `new'
/opt/metasploit/apps/pro/msf3/lib/msf/core/framework.rb:206:in `block in db'
/opt/metasploit/ruby/lib/ruby/2.1.0/monitor.rb:211:in `mon_synchronize'
/opt/metasploit/apps/pro/msf3/lib/msf/core/framework.rb:205:in `db'
/opt/metasploit/apps/pro/msf3/lib/msf/ui/console/driver.rb:113:in `initialize'
/opt/metasploit/apps/pro/msf3/lib/metasploit/framework/command/console.rb:62:in `new'
/opt/metasploit/apps/pro/msf3/lib/metasploit/framework/command/console.rb:62:in `driver'
/opt/metasploit/apps/pro/msf3/lib/metasploit/framework/command/console.rb:48:in `start'
/opt/metasploit/apps/pro/msf3/lib/metasploit/framework/command/base.rb:82:in `start'
/opt/metasploit/apps/pro/msf3/msfconsole:48:in `<main>'
[10/10/2016 20:24:17] [e(0)] core: Connection not established: ActiveRecord::ConnectionNotEstablished ActiveRecord::ConnectionNotEstablished:
/opt/metasploit/apps/pro/vendor/bundle/ruby/2.1.0/gems/activerecord-4.0.13/lib/active_record/connection_handling.rb:75:in `connection_pool'
/opt/metasploit/apps/pro/msf3/lib/msf/core/db_manager/connection.rb:123:in `connection_established?'
/opt/metasploit/apps/pro/msf3/lib/msf/ui/console/driver.rb:165:in `initialize'
/opt/metasploit/apps/pro/msf3/lib/metasploit/framework/command/console.rb:62:in `new'
/opt/metasploit/apps/pro/msf3/lib/metasploit/framework/command/console.rb:62:in `driver'
/opt/metasploit/apps/pro/msf3/lib/metasploit/framework/command/console.rb:48:in `start'
/opt/metasploit/apps/pro/msf3/lib/metasploit/framework/command/base.rb:82:in `start'
/opt/metasploit/apps/pro/msf3/msfconsole:48:in `<main>'
