This is pdfTeX, Version 3.14159265-2.6-1.40.16 (TeX Live 2015/Debian) (preloaded format=pdflatex 2016.4.24)  13 DEC 2016 02:52
entering extended mode
 restricted \write18 enabled.
 %&-line parsing enabled.
**linux_guide.tex
(/home/john/linux_16/final_guide/linux_guide.tex
LaTeX2e <2016/02/01>
Babel <3.9q> and hyphenation patterns for 3 language(s) loaded.
(/usr/share/texlive/texmf-dist/tex/latex/base/article.cls
Document Class: article 2014/09/29 v1.4h Standard LaTeX document class
(/usr/share/texlive/texmf-dist/tex/latex/base/size11.clo
File: size11.clo 2014/09/29 v1.4h Standard LaTeX file (size option)
)
\c@part=\count79
\c@section=\count80
\c@subsection=\count81
\c@subsubsection=\count82
\c@paragraph=\count83
\c@subparagraph=\count84
\c@figure=\count85
\c@table=\count86
\abovecaptionskip=\skip41
\belowcaptionskip=\skip42
\bibindent=\dimen102
)
(/usr/share/texlive/texmf-dist/tex/latex/graphics/graphicx.sty
Package: graphicx 2014/10/28 v1.0g Enhanced LaTeX Graphics (DPC,SPQR)

(/usr/share/texlive/texmf-dist/tex/latex/graphics/keyval.sty
Package: keyval 2014/10/28 v1.15 key=value parser (DPC)
\KV@toks@=\toks14
)
(/usr/share/texlive/texmf-dist/tex/latex/graphics/graphics.sty
Package: graphics 2016/01/03 v1.0q Standard LaTeX Graphics (DPC,SPQR)

(/usr/share/texlive/texmf-dist/tex/latex/graphics/trig.sty
Package: trig 2016/01/03 v1.10 sin cos tan (DPC)
)
(/usr/share/texlive/texmf-dist/tex/latex/latexconfig/graphics.cfg
File: graphics.cfg 2010/04/23 v1.9 graphics configuration of TeX Live
)
Package graphics Info: Driver file: pdftex.def on input line 95.

(/usr/share/texlive/texmf-dist/tex/latex/pdftex-def/pdftex.def
File: pdftex.def 2011/05/27 v0.06d Graphics/color for pdfTeX

(/usr/share/texlive/texmf-dist/tex/generic/oberdiek/infwarerr.sty
Package: infwarerr 2010/04/08 v1.3 Providing info/warning/error messages (HO)
)
(/usr/share/texlive/texmf-dist/tex/generic/oberdiek/ltxcmds.sty
Package: ltxcmds 2011/11/09 v1.22 LaTeX kernel commands for general use (HO)
)
\Gread@gobject=\count87
))
\Gin@req@height=\dimen103
\Gin@req@width=\dimen104
)
(/usr/share/texlive/texmf-dist/tex/latex/hyperref/hyperref.sty
Package: hyperref 2012/11/06 v6.83m Hypertext links for LaTeX

(/usr/share/texlive/texmf-dist/tex/generic/oberdiek/hobsub-hyperref.sty
Package: hobsub-hyperref 2012/05/28 v1.13 Bundle oberdiek, subset hyperref (HO)


(/usr/share/texlive/texmf-dist/tex/generic/oberdiek/hobsub-generic.sty
Package: hobsub-generic 2012/05/28 v1.13 Bundle oberdiek, subset generic (HO)
Package: hobsub 2012/05/28 v1.13 Construct package bundles (HO)
Package hobsub Info: Skipping package `infwarerr' (already loaded).
Package hobsub Info: Skipping package `ltxcmds' (already loaded).
Package: ifluatex 2010/03/01 v1.3 Provides the ifluatex switch (HO)
Package ifluatex Info: LuaTeX not detected.
Package: ifvtex 2010/03/01 v1.5 Detect VTeX and its facilities (HO)
Package ifvtex Info: VTeX not detected.
Package: intcalc 2007/09/27 v1.1 Expandable calculations with integers (HO)
Package: ifpdf 2011/01/30 v2.3 Provides the ifpdf switch (HO)
Package ifpdf Info: pdfTeX in PDF mode is detected.
Package: etexcmds 2011/02/16 v1.5 Avoid name clashes with e-TeX commands (HO)
Package etexcmds Info: Could not find \expanded.
(etexcmds)             That can mean that you are not using pdfTeX 1.50 or
(etexcmds)             that some package has redefined \expanded.
(etexcmds)             In the latter case, load this package earlier.
Package: kvsetkeys 2012/04/25 v1.16 Key value parser (HO)
Package: kvdefinekeys 2011/04/07 v1.3 Define keys (HO)
Package: pdftexcmds 2011/11/29 v0.20 Utility functions of pdfTeX for LuaTeX (HO
)
Package pdftexcmds Info: LuaTeX not detected.
Package pdftexcmds Info: \pdf@primitive is available.
Package pdftexcmds Info: \pdf@ifprimitive is available.
Package pdftexcmds Info: \pdfdraftmode found.
Package: pdfescape 2011/11/25 v1.13 Implements pdfTeX's escape features (HO)
Package: bigintcalc 2012/04/08 v1.3 Expandable calculations on big integers (HO
)
Package: bitset 2011/01/30 v1.1 Handle bit-vector datatype (HO)
Package: uniquecounter 2011/01/30 v1.2 Provide unlimited unique counter (HO)
)
Package hobsub Info: Skipping package `hobsub' (already loaded).
Package: letltxmacro 2010/09/02 v1.4 Let assignment for LaTeX macros (HO)
Package: hopatch 2012/05/28 v1.2 Wrapper for package hooks (HO)
Package: xcolor-patch 2011/01/30 xcolor patch
Package: atveryend 2011/06/30 v1.8 Hooks at the very end of document (HO)
Package atveryend Info: \enddocument detected (standard20110627).
Package: atbegshi 2011/10/05 v1.16 At begin shipout hook (HO)
Package: refcount 2011/10/16 v3.4 Data extraction from label references (HO)
Package: hycolor 2011/01/30 v1.7 Color options for hyperref/bookmark (HO)
)
(/usr/share/texlive/texmf-dist/tex/generic/ifxetex/ifxetex.sty
Package: ifxetex 2010/09/12 v0.6 Provides ifxetex conditional
)
(/usr/share/texlive/texmf-dist/tex/latex/oberdiek/auxhook.sty
Package: auxhook 2011/03/04 v1.3 Hooks for auxiliary files (HO)
)
(/usr/share/texlive/texmf-dist/tex/latex/oberdiek/kvoptions.sty
Package: kvoptions 2011/06/30 v3.11 Key value format for package options (HO)
)
\@linkdim=\dimen105
\Hy@linkcounter=\count88
\Hy@pagecounter=\count89

(/usr/share/texlive/texmf-dist/tex/latex/hyperref/pd1enc.def
File: pd1enc.def 2012/11/06 v6.83m Hyperref: PDFDocEncoding definition (HO)
)
\Hy@SavedSpaceFactor=\count90

(/usr/share/texlive/texmf-dist/tex/latex/latexconfig/hyperref.cfg
File: hyperref.cfg 2002/06/06 v1.2 hyperref configuration of TeXLive
)
Package hyperref Info: Hyper figures OFF on input line 4443.
Package hyperref Info: Link nesting OFF on input line 4448.
Package hyperref Info: Hyper index ON on input line 4451.
Package hyperref Info: Plain pages OFF on input line 4458.
Package hyperref Info: Backreferencing OFF on input line 4463.
Package hyperref Info: Implicit mode ON; LaTeX internals redefined.
Package hyperref Info: Bookmarks ON on input line 4688.
\c@Hy@tempcnt=\count91

(/usr/share/texlive/texmf-dist/tex/latex/url/url.sty
\Urlmuskip=\muskip10
Package: url 2013/09/16  ver 3.4  Verb mode for urls, etc.
)
LaTeX Info: Redefining \url on input line 5041.
\XeTeXLinkMargin=\dimen106
\Fld@menulength=\count92
\Field@Width=\dimen107
\Fld@charsize=\dimen108
Package hyperref Info: Hyper figures OFF on input line 6295.
Package hyperref Info: Link nesting OFF on input line 6300.
Package hyperref Info: Hyper index ON on input line 6303.
Package hyperref Info: backreferencing OFF on input line 6310.
Package hyperref Info: Link coloring OFF on input line 6315.
Package hyperref Info: Link coloring with OCG OFF on input line 6320.
Package hyperref Info: PDF/A mode OFF on input line 6325.
LaTeX Info: Redefining \ref on input line 6365.
LaTeX Info: Redefining \pageref on input line 6369.
\Hy@abspage=\count93
\c@Item=\count94
\c@Hfootnote=\count95
)

Package hyperref Message: Driver: hpdftex.

(/usr/share/texlive/texmf-dist/tex/latex/hyperref/hpdftex.def
File: hpdftex.def 2012/11/06 v6.83m Hyperref driver for pdfTeX
\Fld@listcount=\count96
\c@bookmark@seq@number=\count97

(/usr/share/texlive/texmf-dist/tex/latex/oberdiek/rerunfilecheck.sty
Package: rerunfilecheck 2011/04/15 v1.7 Rerun checks for auxiliary files (HO)
Package uniquecounter Info: New unique counter `rerunfilecheck' on input line 2
82.
)
\Hy@SectionHShift=\skip43
)
(/usr/share/texlive/texmf-dist/tex/latex/amsmath/amsmath.sty
Package: amsmath 2016/03/03 v2.15a AMS math features
\@mathmargin=\skip44

For additional information on amsmath, use the `?' option.
(/usr/share/texlive/texmf-dist/tex/latex/amsmath/amstext.sty
Package: amstext 2000/06/29 v2.01 AMS text

(/usr/share/texlive/texmf-dist/tex/latex/amsmath/amsgen.sty
File: amsgen.sty 1999/11/30 v2.0 generic functions
\@emptytoks=\toks15
\ex@=\dimen109
))
(/usr/share/texlive/texmf-dist/tex/latex/amsmath/amsbsy.sty
Package: amsbsy 1999/11/29 v1.2d Bold Symbols
\pmbraise@=\dimen110
)
(/usr/share/texlive/texmf-dist/tex/latex/amsmath/amsopn.sty
Package: amsopn 1999/12/14 v2.01 operator names
)
\inf@bad=\count98
LaTeX Info: Redefining \frac on input line 199.
\uproot@=\count99
\leftroot@=\count100
LaTeX Info: Redefining \overline on input line 297.
\classnum@=\count101
\DOTSCASE@=\count102
LaTeX Info: Redefining \ldots on input line 394.
LaTeX Info: Redefining \dots on input line 397.
LaTeX Info: Redefining \cdots on input line 518.
\Mathstrutbox@=\box26
\strutbox@=\box27
\big@size=\dimen111
LaTeX Font Info:    Redeclaring font encoding OML on input line 630.
LaTeX Font Info:    Redeclaring font encoding OMS on input line 631.
\macc@depth=\count103
\c@MaxMatrixCols=\count104
\dotsspace@=\muskip11
\c@parentequation=\count105
\dspbrk@lvl=\count106
\tag@help=\toks16
\row@=\count107
\column@=\count108
\maxfields@=\count109
\andhelp@=\toks17
\eqnshift@=\dimen112
\alignsep@=\dimen113
\tagshift@=\dimen114
\tagwidth@=\dimen115
\totwidth@=\dimen116
\lineht@=\dimen117
\@envbody=\toks18
\multlinegap=\skip45
\multlinetaggap=\skip46
\mathdisplay@stack=\toks19
LaTeX Info: Redefining \[ on input line 2735.
LaTeX Info: Redefining \] on input line 2736.
)
(/usr/share/texlive/texmf-dist/tex/latex/xcolor/xcolor.sty
Package: xcolor 2007/01/21 v2.11 LaTeX color extensions (UK)

(/usr/share/texlive/texmf-dist/tex/latex/latexconfig/color.cfg
File: color.cfg 2007/01/18 v1.5 color configuration of teTeX/TeXLive
)
Package xcolor Info: Driver file: pdftex.def on input line 225.
Package xcolor Info: Model `cmy' substituted by `cmy0' on input line 1337.
Package xcolor Info: Model `hsb' substituted by `rgb' on input line 1341.
Package xcolor Info: Model `RGB' extended on input line 1353.
Package xcolor Info: Model `HTML' substituted by `rgb' on input line 1355.
Package xcolor Info: Model `Hsb' substituted by `hsb' on input line 1356.
Package xcolor Info: Model `tHsb' substituted by `hsb' on input line 1357.
Package xcolor Info: Model `HSB' substituted by `hsb' on input line 1358.
Package xcolor Info: Model `Gray' substituted by `gray' on input line 1359.
Package xcolor Info: Model `wave' substituted by `hsb' on input line 1360.
)
(/usr/share/texlive/texmf-dist/tex/latex/fancyhdr/fancyhdr.sty
\fancy@headwidth=\skip47
\f@ncyO@elh=\skip48
\f@ncyO@erh=\skip49
\f@ncyO@olh=\skip50
\f@ncyO@orh=\skip51
\f@ncyO@elf=\skip52
\f@ncyO@erf=\skip53
\f@ncyO@olf=\skip54
\f@ncyO@orf=\skip55
)
(/usr/share/texlive/texmf-dist/tex/latex/listings/listings.sty
\lst@mode=\count110
\lst@gtempboxa=\box28
\lst@token=\toks20
\lst@length=\count111
\lst@currlwidth=\dimen118
\lst@column=\count112
\lst@pos=\count113
\lst@lostspace=\dimen119
\lst@width=\dimen120
\lst@newlines=\count114
\lst@lineno=\count115
\lst@maxwidth=\dimen121

(/usr/share/texlive/texmf-dist/tex/latex/listings/lstmisc.sty
File: lstmisc.sty 2015/06/04 1.6 (Carsten Heinz)
\c@lstnumber=\count116
\lst@skipnumbers=\count117
\lst@framebox=\box29
)
(/usr/share/texlive/texmf-dist/tex/latex/listings/listings.cfg
File: listings.cfg 2015/06/04 1.6 listings configuration
))
Package: listings 2015/06/04 1.6 (Carsten Heinz)

(/usr/share/texlive/texmf-dist/tex/latex/geometry/geometry.sty
Package: geometry 2010/09/12 v5.6 Page Geometry
\Gm@cnth=\count118
\Gm@cntv=\count119
\c@Gm@tempcnt=\count120
\Gm@bindingoffset=\dimen122
\Gm@wd@mp=\dimen123
\Gm@odd@mp=\dimen124
\Gm@even@mp=\dimen125
\Gm@layoutwidth=\dimen126
\Gm@layoutheight=\dimen127
\Gm@layouthoffset=\dimen128
\Gm@layoutvoffset=\dimen129
\Gm@dimlist=\toks21
)
(/usr/share/texlive/texmf-dist/tex/generic/babel/babel.sty
Package: babel 2016/02/24 3.9q The Babel package

(/usr/share/texlive/texmf-dist/tex/generic/babel-english/english.ldf
Language: english 2012/08/20 v3.3p English support from the babel system

(/usr/share/texlive/texmf-dist/tex/generic/babel/babel.def
File: babel.def 2016/02/24 3.9q Babel common definitions
\babel@savecnt=\count121
\U@D=\dimen130
)
\l@british = a dialect from \language\l@english 
\l@UKenglish = a dialect from \language\l@english 
\l@canadian = a dialect from \language\l@american 
\l@australian = a dialect from \language\l@british 
\l@newzealand = a dialect from \language\l@british 
))
(/usr/share/texlive/texmf-dist/tex/latex/base/inputenc.sty
Package: inputenc 2015/03/17 v1.2c Input encoding file
\inpenc@prehook=\toks22
\inpenc@posthook=\toks23

(/usr/share/texlive/texmf-dist/tex/latex/base/utf8.def
File: utf8.def 2015/12/03 v1.1r UTF-8 support for inputenc
Now handling font encoding OML ...
... no UTF-8 mapping file for font encoding OML
Now handling font encoding T1 ...
... processing UTF-8 mapping file for font encoding T1

(/usr/share/texlive/texmf-dist/tex/latex/base/t1enc.dfu
File: t1enc.dfu 2015/12/03 v1.1r UTF-8 support for inputenc
   defining Unicode char U+00A0 (decimal 160)
   defining Unicode char U+00A1 (decimal 161)
   defining Unicode char U+00A3 (decimal 163)
   defining Unicode char U+00AB (decimal 171)
   defining Unicode char U+00AD (decimal 173)
   defining Unicode char U+00BB (decimal 187)
   defining Unicode char U+00BF (decimal 191)
   defining Unicode char U+00C0 (decimal 192)
   defining Unicode char U+00C1 (decimal 193)
   defining Unicode char U+00C2 (decimal 194)
   defining Unicode char U+00C3 (decimal 195)
   defining Unicode char U+00C4 (decimal 196)
   defining Unicode char U+00C5 (decimal 197)
   defining Unicode char U+00C6 (decimal 198)
   defining Unicode char U+00C7 (decimal 199)
   defining Unicode char U+00C8 (decimal 200)
   defining Unicode char U+00C9 (decimal 201)
   defining Unicode char U+00CA (decimal 202)
   defining Unicode char U+00CB (decimal 203)
   defining Unicode char U+00CC (decimal 204)
   defining Unicode char U+00CD (decimal 205)
   defining Unicode char U+00CE (decimal 206)
   defining Unicode char U+00CF (decimal 207)
   defining Unicode char U+00D0 (decimal 208)
   defining Unicode char U+00D1 (decimal 209)
   defining Unicode char U+00D2 (decimal 210)
   defining Unicode char U+00D3 (decimal 211)
   defining Unicode char U+00D4 (decimal 212)
   defining Unicode char U+00D5 (decimal 213)
   defining Unicode char U+00D6 (decimal 214)
   defining Unicode char U+00D8 (decimal 216)
   defining Unicode char U+00D9 (decimal 217)
   defining Unicode char U+00DA (decimal 218)
   defining Unicode char U+00DB (decimal 219)
   defining Unicode char U+00DC (decimal 220)
   defining Unicode char U+00DD (decimal 221)
   defining Unicode char U+00DE (decimal 222)
   defining Unicode char U+00DF (decimal 223)
   defining Unicode char U+00E0 (decimal 224)
   defining Unicode char U+00E1 (decimal 225)
   defining Unicode char U+00E2 (decimal 226)
   defining Unicode char U+00E3 (decimal 227)
   defining Unicode char U+00E4 (decimal 228)
   defining Unicode char U+00E5 (decimal 229)
   defining Unicode char U+00E6 (decimal 230)
   defining Unicode char U+00E7 (decimal 231)
   defining Unicode char U+00E8 (decimal 232)
   defining Unicode char U+00E9 (decimal 233)
   defining Unicode char U+00EA (decimal 234)
   defining Unicode char U+00EB (decimal 235)
   defining Unicode char U+00EC (decimal 236)
   defining Unicode char U+00ED (decimal 237)
   defining Unicode char U+00EE (decimal 238)
   defining Unicode char U+00EF (decimal 239)
   defining Unicode char U+00F0 (decimal 240)
   defining Unicode char U+00F1 (decimal 241)
   defining Unicode char U+00F2 (decimal 242)
   defining Unicode char U+00F3 (decimal 243)
   defining Unicode char U+00F4 (decimal 244)
   defining Unicode char U+00F5 (decimal 245)
   defining Unicode char U+00F6 (decimal 246)
   defining Unicode char U+00F8 (decimal 248)
   defining Unicode char U+00F9 (decimal 249)
   defining Unicode char U+00FA (decimal 250)
   defining Unicode char U+00FB (decimal 251)
   defining Unicode char U+00FC (decimal 252)
   defining Unicode char U+00FD (decimal 253)
   defining Unicode char U+00FE (decimal 254)
   defining Unicode char U+00FF (decimal 255)
   defining Unicode char U+0100 (decimal 256)
   defining Unicode char U+0101 (decimal 257)
   defining Unicode char U+0102 (decimal 258)
   defining Unicode char U+0103 (decimal 259)
   defining Unicode char U+0104 (decimal 260)
   defining Unicode char U+0105 (decimal 261)
   defining Unicode char U+0106 (decimal 262)
   defining Unicode char U+0107 (decimal 263)
   defining Unicode char U+0108 (decimal 264)
   defining Unicode char U+0109 (decimal 265)
   defining Unicode char U+010A (decimal 266)
   defining Unicode char U+010B (decimal 267)
   defining Unicode char U+010C (decimal 268)
   defining Unicode char U+010D (decimal 269)
   defining Unicode char U+010E (decimal 270)
   defining Unicode char U+010F (decimal 271)
   defining Unicode char U+0110 (decimal 272)
   defining Unicode char U+0111 (decimal 273)
   defining Unicode char U+0112 (decimal 274)
   defining Unicode char U+0113 (decimal 275)
   defining Unicode char U+0114 (decimal 276)
   defining Unicode char U+0115 (decimal 277)
   defining Unicode char U+0116 (decimal 278)
   defining Unicode char U+0117 (decimal 279)
   defining Unicode char U+0118 (decimal 280)
   defining Unicode char U+0119 (decimal 281)
   defining Unicode char U+011A (decimal 282)
   defining Unicode char U+011B (decimal 283)
   defining Unicode char U+011C (decimal 284)
   defining Unicode char U+011D (decimal 285)
   defining Unicode char U+011E (decimal 286)
   defining Unicode char U+011F (decimal 287)
   defining Unicode char U+0120 (decimal 288)
   defining Unicode char U+0121 (decimal 289)
   defining Unicode char U+0122 (decimal 290)
   defining Unicode char U+0123 (decimal 291)
   defining Unicode char U+0124 (decimal 292)
   defining Unicode char U+0125 (decimal 293)
   defining Unicode char U+0128 (decimal 296)
   defining Unicode char U+0129 (decimal 297)
   defining Unicode char U+012A (decimal 298)
   defining Unicode char U+012B (decimal 299)
   defining Unicode char U+012C (decimal 300)
   defining Unicode char U+012D (decimal 301)
   defining Unicode char U+012E (decimal 302)
   defining Unicode char U+012F (decimal 303)
   defining Unicode char U+0130 (decimal 304)
   defining Unicode char U+0131 (decimal 305)
   defining Unicode char U+0132 (decimal 306)
   defining Unicode char U+0133 (decimal 307)
   defining Unicode char U+0134 (decimal 308)
   defining Unicode char U+0135 (decimal 309)
   defining Unicode char U+0136 (decimal 310)
   defining Unicode char U+0137 (decimal 311)
   defining Unicode char U+0139 (decimal 313)
   defining Unicode char U+013A (decimal 314)
   defining Unicode char U+013B (decimal 315)
   defining Unicode char U+013C (decimal 316)
   defining Unicode char U+013D (decimal 317)
   defining Unicode char U+013E (decimal 318)
   defining Unicode char U+0141 (decimal 321)
   defining Unicode char U+0142 (decimal 322)
   defining Unicode char U+0143 (decimal 323)
   defining Unicode char U+0144 (decimal 324)
   defining Unicode char U+0145 (decimal 325)
   defining Unicode char U+0146 (decimal 326)
   defining Unicode char U+0147 (decimal 327)
   defining Unicode char U+0148 (decimal 328)
   defining Unicode char U+014A (decimal 330)
   defining Unicode char U+014B (decimal 331)
   defining Unicode char U+014C (decimal 332)
   defining Unicode char U+014D (decimal 333)
   defining Unicode char U+014E (decimal 334)
   defining Unicode char U+014F (decimal 335)
   defining Unicode char U+0150 (decimal 336)
   defining Unicode char U+0151 (decimal 337)
   defining Unicode char U+0152 (decimal 338)
   defining Unicode char U+0153 (decimal 339)
   defining Unicode char U+0154 (decimal 340)
   defining Unicode char U+0155 (decimal 341)
   defining Unicode char U+0156 (decimal 342)
   defining Unicode char U+0157 (decimal 343)
   defining Unicode char U+0158 (decimal 344)
   defining Unicode char U+0159 (decimal 345)
   defining Unicode char U+015A (decimal 346)
   defining Unicode char U+015B (decimal 347)
   defining Unicode char U+015C (decimal 348)
   defining Unicode char U+015D (decimal 349)
   defining Unicode char U+015E (decimal 350)
   defining Unicode char U+015F (decimal 351)
   defining Unicode char U+0160 (decimal 352)
   defining Unicode char U+0161 (decimal 353)
   defining Unicode char U+0162 (decimal 354)
   defining Unicode char U+0163 (decimal 355)
   defining Unicode char U+0164 (decimal 356)
   defining Unicode char U+0165 (decimal 357)
   defining Unicode char U+0168 (decimal 360)
   defining Unicode char U+0169 (decimal 361)
   defining Unicode char U+016A (decimal 362)
   defining Unicode char U+016B (decimal 363)
   defining Unicode char U+016C (decimal 364)
   defining Unicode char U+016D (decimal 365)
   defining Unicode char U+016E (decimal 366)
   defining Unicode char U+016F (decimal 367)
   defining Unicode char U+0170 (decimal 368)
   defining Unicode char U+0171 (decimal 369)
   defining Unicode char U+0172 (decimal 370)
   defining Unicode char U+0173 (decimal 371)
   defining Unicode char U+0174 (decimal 372)
   defining Unicode char U+0175 (decimal 373)
   defining Unicode char U+0176 (decimal 374)
   defining Unicode char U+0177 (decimal 375)
   defining Unicode char U+0178 (decimal 376)
   defining Unicode char U+0179 (decimal 377)
   defining Unicode char U+017A (decimal 378)
   defining Unicode char U+017B (decimal 379)
   defining Unicode char U+017C (decimal 380)
   defining Unicode char U+017D (decimal 381)
   defining Unicode char U+017E (decimal 382)
   defining Unicode char U+01CD (decimal 461)
   defining Unicode char U+01CE (decimal 462)
   defining Unicode char U+01CF (decimal 463)
   defining Unicode char U+01D0 (decimal 464)
   defining Unicode char U+01D1 (decimal 465)
   defining Unicode char U+01D2 (decimal 466)
   defining Unicode char U+01D3 (decimal 467)
   defining Unicode char U+01D4 (decimal 468)
   defining Unicode char U+01E2 (decimal 482)
   defining Unicode char U+01E3 (decimal 483)
   defining Unicode char U+01E6 (decimal 486)
   defining Unicode char U+01E7 (decimal 487)
   defining Unicode char U+01E8 (decimal 488)
   defining Unicode char U+01E9 (decimal 489)
   defining Unicode char U+01EA (decimal 490)
   defining Unicode char U+01EB (decimal 491)
   defining Unicode char U+01F0 (decimal 496)
   defining Unicode char U+01F4 (decimal 500)
   defining Unicode char U+01F5 (decimal 501)
   defining Unicode char U+0218 (decimal 536)
   defining Unicode char U+0219 (decimal 537)
   defining Unicode char U+021A (decimal 538)
   defining Unicode char U+021B (decimal 539)
   defining Unicode char U+01E02 (decimal 7682)
   defining Unicode char U+01E03 (decimal 7683)
   defining Unicode char U+200C (decimal 8204)
   defining Unicode char U+2013 (decimal 8211)
   defining Unicode char U+2014 (decimal 8212)
   defining Unicode char U+2018 (decimal 8216)
   defining Unicode char U+2019 (decimal 8217)
   defining Unicode char U+201A (decimal 8218)
   defining Unicode char U+201C (decimal 8220)
   defining Unicode char U+201D (decimal 8221)
   defining Unicode char U+201E (decimal 8222)
   defining Unicode char U+2030 (decimal 8240)
   defining Unicode char U+2031 (decimal 8241)
   defining Unicode char U+2039 (decimal 8249)
   defining Unicode char U+203A (decimal 8250)
   defining Unicode char U+2423 (decimal 9251)
)
Now handling font encoding OT1 ...
... processing UTF-8 mapping file for font encoding OT1

(/usr/share/texlive/texmf-dist/tex/latex/base/ot1enc.dfu
File: ot1enc.dfu 2015/12/03 v1.1r UTF-8 support for inputenc
   defining Unicode char U+00A0 (decimal 160)
   defining Unicode char U+00A1 (decimal 161)
   defining Unicode char U+00A3 (decimal 163)
   defining Unicode char U+00AD (decimal 173)
   defining Unicode char U+00B8 (decimal 184)
   defining Unicode char U+00BF (decimal 191)
   defining Unicode char U+00C5 (decimal 197)
   defining Unicode char U+00C6 (decimal 198)
   defining Unicode char U+00D8 (decimal 216)
   defining Unicode char U+00DF (decimal 223)
   defining Unicode char U+00E6 (decimal 230)
   defining Unicode char U+00EC (decimal 236)
   defining Unicode char U+00ED (decimal 237)
   defining Unicode char U+00EE (decimal 238)
   defining Unicode char U+00EF (decimal 239)
   defining Unicode char U+00F8 (decimal 248)
   defining Unicode char U+0131 (decimal 305)
   defining Unicode char U+0141 (decimal 321)
   defining Unicode char U+0142 (decimal 322)
   defining Unicode char U+0152 (decimal 338)
   defining Unicode char U+0153 (decimal 339)
   defining Unicode char U+0174 (decimal 372)
   defining Unicode char U+0175 (decimal 373)
   defining Unicode char U+0176 (decimal 374)
   defining Unicode char U+0177 (decimal 375)
   defining Unicode char U+0218 (decimal 536)
   defining Unicode char U+0219 (decimal 537)
   defining Unicode char U+021A (decimal 538)
   defining Unicode char U+021B (decimal 539)
   defining Unicode char U+2013 (decimal 8211)
   defining Unicode char U+2014 (decimal 8212)
   defining Unicode char U+2018 (decimal 8216)
   defining Unicode char U+2019 (decimal 8217)
   defining Unicode char U+201C (decimal 8220)
   defining Unicode char U+201D (decimal 8221)
)
Now handling font encoding OMS ...
... processing UTF-8 mapping file for font encoding OMS

(/usr/share/texlive/texmf-dist/tex/latex/base/omsenc.dfu
File: omsenc.dfu 2015/12/03 v1.1r UTF-8 support for inputenc
   defining Unicode char U+00A7 (decimal 167)
   defining Unicode char U+00B6 (decimal 182)
   defining Unicode char U+00B7 (decimal 183)
   defining Unicode char U+2020 (decimal 8224)
   defining Unicode char U+2021 (decimal 8225)
   defining Unicode char U+2022 (decimal 8226)
)
Now handling font encoding OMX ...
... no UTF-8 mapping file for font encoding OMX
Now handling font encoding U ...
... no UTF-8 mapping file for font encoding U
Now handling font encoding PD1 ...
... no UTF-8 mapping file for font encoding PD1
   defining Unicode char U+00A9 (decimal 169)
   defining Unicode char U+00AA (decimal 170)
   defining Unicode char U+00AE (decimal 174)
   defining Unicode char U+00BA (decimal 186)
   defining Unicode char U+02C6 (decimal 710)
   defining Unicode char U+02DC (decimal 732)
   defining Unicode char U+200C (decimal 8204)
   defining Unicode char U+2026 (decimal 8230)
   defining Unicode char U+2122 (decimal 8482)
   defining Unicode char U+2423 (decimal 9251)
))
(/home/john/linux_16/final_guide/linux_guide.aux)
\openout1 = `linux_guide.aux'.

LaTeX Font Info:    Checking defaults for OML/cmm/m/it on input line 56.
LaTeX Font Info:    ... okay on input line 56.
LaTeX Font Info:    Checking defaults for T1/cmr/m/n on input line 56.
LaTeX Font Info:    ... okay on input line 56.
LaTeX Font Info:    Checking defaults for OT1/cmr/m/n on input line 56.
LaTeX Font Info:    ... okay on input line 56.
LaTeX Font Info:    Checking defaults for OMS/cmsy/m/n on input line 56.
LaTeX Font Info:    ... okay on input line 56.
LaTeX Font Info:    Checking defaults for OMX/cmex/m/n on input line 56.
LaTeX Font Info:    ... okay on input line 56.
LaTeX Font Info:    Checking defaults for U/cmr/m/n on input line 56.
LaTeX Font Info:    ... okay on input line 56.
LaTeX Font Info:    Checking defaults for PD1/pdf/m/n on input line 56.
LaTeX Font Info:    ... okay on input line 56.

(/usr/share/texlive/texmf-dist/tex/context/base/supp-pdf.mkii
[Loading MPS to PDF converter (version 2006.09.02).]
\scratchcounter=\count122
\scratchdimen=\dimen131
\scratchbox=\box30
\nofMPsegments=\count123
\nofMParguments=\count124
\everyMPshowfont=\toks24
\MPscratchCnt=\count125
\MPscratchDim=\dimen132
\MPnumerator=\count126
\makeMPintoPDFobject=\count127
\everyMPtoPDFconversion=\toks25
) (/usr/share/texlive/texmf-dist/tex/latex/oberdiek/epstopdf-base.sty
Package: epstopdf-base 2010/02/09 v2.5 Base part for package epstopdf

(/usr/share/texlive/texmf-dist/tex/latex/oberdiek/grfext.sty
Package: grfext 2010/08/19 v1.1 Manage graphics extensions (HO)
)
Package grfext Info: Graphics extension search list:
(grfext)             [.png,.pdf,.jpg,.mps,.jpeg,.jbig2,.jb2,.PNG,.PDF,.JPG,.JPE
G,.JBIG2,.JB2,.eps]
(grfext)             \AppendGraphicsExtensions on input line 452.

(/usr/share/texlive/texmf-dist/tex/latex/latexconfig/epstopdf-sys.cfg
File: epstopdf-sys.cfg 2010/07/13 v1.3 Configuration of (r)epstopdf for TeX Liv
e
))
\AtBeginShipoutBox=\box31
Package hyperref Info: Link coloring OFF on input line 56.

(/usr/share/texlive/texmf-dist/tex/latex/hyperref/nameref.sty
Package: nameref 2012/10/27 v2.43 Cross-referencing by name of section

(/usr/share/texlive/texmf-dist/tex/generic/oberdiek/gettitlestring.sty
Package: gettitlestring 2010/12/03 v1.4 Cleanup title references (HO)
)
\c@section@level=\count128
)
LaTeX Info: Redefining \ref on input line 56.
LaTeX Info: Redefining \pageref on input line 56.
LaTeX Info: Redefining \nameref on input line 56.

(/home/john/linux_16/final_guide/linux_guide.out)
(/home/john/linux_16/final_guide/linux_guide.out)
\@outlinefile=\write3
\openout3 = `linux_guide.out'.

\c@lstlisting=\count129

*geometry* driver: auto-detecting
*geometry* detected driver: pdftex
*geometry* verbose mode - [ preamble ] result:
* driver: pdftex
* paper: letterpaper
* layout: <same size as paper>
* layoutoffset:(h,v)=(0.0pt,0.0pt)
* modes: 
* h-part:(L,W,R)=(83.11005pt, 448.0749pt, 83.11005pt)
* v-part:(T,H,B)=(54.2025pt, 657.65744pt, 83.11005pt)
* \paperwidth=614.295pt
* \paperheight=794.96999pt
* \textwidth=448.0749pt
* \textheight=657.65744pt
* \oddsidemargin=10.84006pt
* \evensidemargin=10.84006pt
* \topmargin=-55.06749pt
* \headheight=12.0pt
* \headsep=25.0pt
* \topskip=11.0pt
* \footskip=30.0pt
* \marginparwidth=59.0pt
* \marginparsep=10.0pt
* \columnsep=10.0pt
* \skip\footins=10.0pt plus 4.0pt minus 2.0pt
* \hoffset=0.0pt
* \voffset=0.0pt
* \mag=1000
* \@twocolumnfalse
* \@twosidefalse
* \@mparswitchfalse
* \@reversemarginfalse
* (1in=72.27pt=25.4mm, 1cm=28.453pt)

<logo.png, id=450, 1112.155pt x 977.6525pt>
File: logo.png Graphic file (type png)
 <use logo.png>
Package pdftex.def Info: logo.png used on input line 63.
(pdftex.def)             Requested size: 448.07845pt x 393.88844pt.
 [1

{/var/lib/texmf/fonts/map/pdftex/updmap/pdftex.map} </home/john/linux_16/final_
guide/logo.png>]
(/home/john/linux_16/final_guide/linux_guide.toc

Package Fancyhdr Warning: \headheight is too small (12.0pt): 
 Make it at least 13.59999pt.
 We now make it that large for the rest of the document.
 This may cause the page layout to be inconsistent, however.

pdfTeX warning (ext4): destination with the same identifier (name{page.}) has b
een already used, duplicate ignored
<to be read again> 
                   \relax 
l.187 ....1}Conceptual Design}{32}{subsection.6.1}
                                                   [2]pdfTeX warning (ext4): de
stination with the same identifier (name{page.}) has been already used, duplica
te ignored
<to be read again> 
                   \relax 
l.400 ... Server Setup Script}{73}{subsection.9.6}
                                                   [3])
\tf@toc=\write4
\openout4 = `linux_guide.toc'.

pdfTeX warning (ext4): destination with the same identifier (name{page.}) has b
een already used, duplicate ignored
<to be read again> 
                   \relax 
l.78 	\newpage
               [4] <tux.jpg, id=585, 431.6125pt x 317.185pt>
File: tux.jpg Graphic file (type jpg)
 <use tux.jpg>
Package pdftex.def Info: tux.jpg used on input line 103.
(pdftex.def)             Requested size: 273.1818pt x 200.75684pt.

[1 </home/john/linux_16/final_guide/tux.jpg>]
<pi.jpg, id=598, 150.5625pt x 150.5625pt>
File: pi.jpg Graphic file (type jpg)
 <use pi.jpg>
Package pdftex.def Info: pi.jpg used on input line 119.
(pdftex.def)             Requested size: 200.7694pt x 200.7694pt.
LaTeX Font Info:    Try loading font information for OMS+cmr on input line 128.


(/usr/share/texlive/texmf-dist/tex/latex/base/omscmr.fd
File: omscmr.fd 2014/09/29 v2.5h Standard LaTeX font definitions
)
LaTeX Font Info:    Font shape `OMS/cmr/m/n' in size <10.95> not available
(Font)              Font shape `OMS/cmsy/m/n' tried instead on input line 128.
 [2 </home/john/linux_16/final_guide/pi.jpg>] <ubuntu_logo.png, id=607, 2007.5p
t x 468.75125pt>
File: ubuntu_logo.png Graphic file (type png)

<use ubuntu_logo.png>
Package pdftex.def Info: ubuntu_logo.png used on input line 156.
(pdftex.def)             Requested size: 200.73112pt x 46.87071pt.
 [3 </home/john/linux_16/final_guide/ubuntu_logo.png>]
Overfull \hbox (19.33867pt too wide) in paragraph at lines 196--197
\OT1/cmr/m/n/10.95 typ-i-cally ti-tled with their last name (as an ex-am-ple, m
ine is []https://github.com/macee/Hammond[]).
 []

[4]
Overfull \hbox (46.86577pt too wide) in paragraph at lines 222--223
\OT1/cmr/m/n/10.95 men-ta-tion for set-ting up Rasp-bian: []https://www.raspber
rypi.org/documentation/installation/installing-
 []

[5] (/usr/share/texlive/texmf-dist/tex/latex/listings/lstlang1.sty
File: lstlang1.sty 2015/06/04 1.6 listings language file
)
(/usr/share/texlive/texmf-dist/tex/latex/listings/lstlang1.sty
File: lstlang1.sty 2015/06/04 1.6 listings language file
) [6]
<training_wheels.png, id=690, 671.50874pt x 425.59pt>
File: training_wheels.png Graphic file (type png)

<use training_wheels.png>
Package pdftex.def Info: training_wheels.png used on input line 295.
(pdftex.def)             Requested size: 421.57727pt x 267.18797pt.
 [7 </home/john/linux_16/final_guide/training_wheels.png>] (/usr/share/texlive/
texmf-dist/tex/latex/listings/lstlang1.sty
File: lstlang1.sty 2015/06/04 1.6 listings language file
) [8]
[9] [10] [11] [12] [13] [14] [15] [16]
<bash.png, id=1038, 150.5625pt x 118.4425pt>
File: bash.png Graphic file (type png)
 <use bash.png>
Package pdftex.def Info: bash.png used on input line 699.
(pdftex.def)             Requested size: 200.7694pt x 157.93858pt.
 [17 </home/john/linux_16/final_guide/bash.png>] [18]
Overfull \hbox (28.79651pt too wide) in paragraph at lines 791--792
\OT1/cmr/m/n/10.95 just a wrap-per for a clas-sic \OT1/cmtt/m/n/10.95 print \OT
1/cmr/m/n/10.95 state-ment, but it checks with the par-ent (the \OT1/cmtt/m/n/1
0.95 TrainingWheelsShell
 []

[19] [20] [21] [22] [23] [24] [25] [26]
Overfull \hbox (22.13574pt too wide) in paragraph at lines 1054--1055
 [][] \OT1/cmr/m/n/10.95 You should check out the HJ-SON project on-line for a 
more for-mal grasp on it ([]https://hjson.org/[]),
 []

[27] [28] [29] [30] [31]
<scavenger_hunt.png, id=1498, 829.59938pt x 543.53062pt>
File: scavenger_hunt.png Graphic file (type png)

<use scavenger_hunt.png>
Package pdftex.def Info: scavenger_hunt.png used on input line 1239.
(pdftex.def)             Requested size: 501.87683pt x 328.8163pt.
 [32 </home/john/linux_16/final_guide/scavenger_hunt.png>] (/usr/share/texlive/
texmf-dist/tex/latex/listings/lstlang1.sty
File: lstlang1.sty 2015/06/04 1.6 listings language file
) [33]
[34]
Overfull \hbox (8.60567pt too wide) in paragraph at lines 1383--1384
 [][] \OT1/cmr/m/n/10.95 There are many other func-tions, like \OT1/cmtt/m/n/10
.95 create[]database\OT1/cmr/m/n/10.95 , \OT1/cmtt/m/n/10.95 create[]certificat
e\OT1/cmr/m/n/10.95 , \OT1/cmtt/m/n/10.95 configure[]ctf\OT1/cmr/m/n/10.95 ,
 []

[35] [36] [37] <python-logo.png, id=1704, 250.9375pt x 250.9375pt>
File: python-logo.png Graphic file (type png)

<use python-logo.png>
Package pdftex.def Info: python-logo.png used on input line 1512.
(pdftex.def)             Requested size: 200.75073pt x 200.76175pt.
 [38 </home/john/linux_16/final_guide/python-logo.png>]
[39] [40] [41] <flask.png, id=1841, 369.35265pt x 144.54pt>
File: flask.png Graphic file (type png)
 <use flask.png>
Package pdftex.def Info: flask.png used on input line 1689.
(pdftex.def)             Requested size: 200.75073pt x 78.5621pt.

[42 </home/john/linux_16/final_guide/flask.png>]
<jinja2.png, id=1873, 344.28625pt x 141.52875pt>
File: jinja2.png Graphic file (type png)
 <use jinja2.png>
Package pdftex.def Info: jinja2.png used on input line 1730.
(pdftex.def)             Requested size: 200.75073pt x 82.52512pt.
 [43 </home/john/linux_16/final_guide/jinja2.png>] [44]
Overfull \hbox (36.84993pt too wide) in paragraph at lines 1810--1811
 [][] \OT1/cmr/m/n/10.95 That wraps up the back-end server-side code. Re-mem-be
r that it should be orig-i-nally \OT1/cmtt/m/n/10.95 server[]base.py\OT1/cmr/m/
n/10.95 ;
 []

[45] (/usr/share/texlive/texmf-dist/tex/latex/listings/lstlang1.sty
File: lstlang1.sty 2015/06/04 1.6 listings language file
)
(/usr/share/texlive/texmf-dist/tex/latex/listings/lstmisc.sty
File: lstmisc.sty 2015/06/04 1.6 (Carsten Heinz)
) [46] [47]
<jquery.png, id=2035, 738.76pt x 181.67876pt>
File: jquery.png Graphic file (type png)
 <use jquery.png>
Package pdftex.def Info: jquery.png used on input line 1928.
(pdftex.def)             Requested size: 401.50146pt x 98.73988pt.
 [48 </home/john/linux_16/final_guide/jquery.png>] [49] [50] [51] [52]
LaTeX Font Info:    Font shape `OT1/cmtt/bx/n' in size <10.95> not available
(Font)              Font shape `OT1/cmtt/m/n' tried instead on input line 2119.


<html.png, id=2204, 513.92pt x 513.92pt>
File: html.png Graphic file (type png)
 <use html.png>
Package pdftex.def Info: html.png used on input line 2128.
(pdftex.def)             Requested size: 130.48798pt x 130.48717pt.
 [53 </home/john/linux_16/final_guide/html.png>] [54] [55]
<gnu.jpg, id=2291, 1221.46478pt x 1221.46478pt>
File: gnu.jpg Graphic file (type jpg)
 <use gnu.jpg>
Package pdftex.def Info: gnu.jpg used on input line 2215.
(pdftex.def)             Requested size: 250.93842pt x 250.92377pt.
 [56 </home/john/linux_16/final_guide/gnu.jpg>]
Overfull \hbox (5.21382pt too wide) in paragraph at lines 2227--2228
\OT1/cmr/m/n/10.95 that all of the nec-es-sary files were given on the repos-i-
tory. These live in the \OT1/cmtt/m/n/10.95 resources/filters/
 []

<filter_activity.png, id=2303, 794.97pt x 687.31781pt>
File: filter_activity.png Graphic file (type png)

<use filter_activity.png>
Package pdftex.def Info: filter_activity.png used on input line 2231.
(pdftex.def)             Requested size: 501.87683pt x 433.92493pt.
 [57 </home/john/linux_16/final_guide/filter_activity.png>]

Package hyperref Warning: Difference (2) between bookmark levels is greater 
(hyperref)                than one, level fixed on input line 2239.

[58] <mark.png, id=2349, 208.78pt x 128.48pt>
File: mark.png Graphic file (type png)
 <use mark.png>
Package pdftex.def Info: mark.png used on input line 2299.
(pdftex.def)             Requested size: 150.56305pt x 92.65843pt.

<github.jpg, id=2350, 401.5pt x 234.8775pt>
File: github.jpg Graphic file (type jpg)
 <use github.jpg>
Package pdftex.def Info: github.jpg used on input line 2311.
(pdftex.def)             Requested size: 230.86334pt x 135.05708pt.
 [59 </home/john/linux_16/final_guide/mark.png> </home/john/linux_16/final_guid
e/github.jpg>]
[60] <forkbomb.png, id=2400, 705.63625pt x 176.66pt>
File: forkbomb.png Graphic file (type png)
 <use forkbomb.png>
Package pdftex.def Info: forkbomb.png used on input line 2368.
(pdftex.def)             Requested size: 230.86334pt x 57.79659pt.

<shebang.png, id=2401, 376.40625pt x 376.40625pt>
File: shebang.png Graphic file (type png)
 <use shebang.png>
Package pdftex.def Info: shebang.png used on input line 2378.
(pdftex.def)             Requested size: 150.56305pt x 150.56557pt.
 [61 </home/john/linux_16/final_guide/forkbomb.png> </home/john/linux_16/final_
guide/shebang.png>] <flag.png, id=2414, 250.9375pt x 250.9375pt>
File: flag.png Graphic file (type png)
 <use flag.png>
Package pdftex.def Info: flag.png used on input line 2409.
(pdftex.def)             Requested size: 130.48798pt x 130.49207pt.
 [62 </home/john/linux_16/final_guide/flag.png>] [63]
<sublime_text.png, id=2478, 256.96pt x 256.96pt>
File: sublime_text.png Graphic file (type png)
 <use sublime_text.png>
Package pdftex.def Info: sublime_text.png used on input line 2489.
(pdftex.def)             Requested size: 120.45044pt x 120.44969pt.

[64 </home/john/linux_16/final_guide/sublime_text.png>]
Overfull \hbox (2.57903pt too wide) in paragraph at lines 2530--2531
 [][] \OT1/cmr/m/n/10.95 This func-tion es-sen-tially makes for a more ``user-f
riendly'' func-tion to work with for command-
 []

[65] <sqlite.png, id=2539, 1027.84pt x 486.81876pt>
File: sqlite.png Graphic file (type png)
 <use sqlite.png>
Package pdftex.def Info: sqlite.png used on input line 2579.
(pdftex.def)             Requested size: 271.01349pt x 128.36009pt.
 [66 </home/john/linux_16/final_guide/sqlite.png>] [67] [68] [69] [70] [71]
Underfull \hbox (badness 10000) in paragraph at lines 2829--2830

 []

(/usr/share/texlive/texmf-dist/tex/latex/listings/lstlang1.sty
File: lstlang1.sty 2015/06/04 1.6 listings language file
)
(/usr/share/texlive/texmf-dist/tex/latex/listings/lstlang1.sty
File: lstlang1.sty 2015/06/04 1.6 listings language file
)
(/usr/share/texlive/texmf-dist/tex/latex/listings/lstmisc.sty
File: lstmisc.sty 2015/06/04 1.6 (Carsten Heinz)
) [72]
(/usr/share/texlive/texmf-dist/tex/latex/listings/lstlang1.sty
File: lstlang1.sty 2015/06/04 1.6 listings language file
)
(/usr/share/texlive/texmf-dist/tex/latex/listings/lstlang2.sty
File: lstlang2.sty 2015/06/04 1.6 listings language file
)
(/usr/share/texlive/texmf-dist/tex/latex/listings/lstmisc.sty
File: lstmisc.sty 2015/06/04 1.6 (Carsten Heinz)
)
Underfull \hbox (badness 10000) in paragraph at lines 2900--2901

 []

<setup_scripting.png, id=2828, 644.4075pt x 191.71625pt>
File: setup_scripting.png Graphic file (type png)

<use setup_scripting.png>
Package pdftex.def Info: setup_scripting.png used on input line 2905.
(pdftex.def)             Requested size: 481.80176pt x 143.3451pt.
 [73 </home/john/linux_16/final_guide/setup_scripting.png>] [74]
Underfull \hbox (badness 10000) in paragraph at lines 2974--2975

 []


Underfull \hbox (badness 10000) in paragraph at lines 2985--2986

 []

<curl.jpg, id=2883, 479.42493pt x 178.13028pt>
File: curl.jpg Graphic file (type jpg)
 <use curl.jpg>
Package pdftex.def Info: curl.jpg used on input line 2989.
(pdftex.def)             Requested size: 200.75073pt x 74.5886pt.
 [75 </home/john/linux_16/final_guide/curl.jpg>] [76]
<hats.jpg, id=2957, 552.0625pt x 158.5925pt>
File: hats.jpg Graphic file (type jpg)
 <use hats.jpg>
Package pdftex.def Info: hats.jpg used on input line 3064.
(pdftex.def)             Requested size: 401.50146pt x 115.34563pt.
 [77 </home/john/linux_16/final_guide/hats.jpg>] <C.png, id=2978, 334.24875pt x
 355.3275pt>
File: C.png Graphic file (type png)

<use C.png>
Package pdftex.def Info: C.png used on input line 3108.
(pdftex.def)             Requested size: 150.56305pt x 160.06396pt.
 [78 </home/john/linux_16/final_guide/C.png>]
<tarball.png, id=2988, 301.125pt x 301.125pt>
File: tarball.png Graphic file (type png)
 <use tarball.png>
Package pdftex.def Info: tarball.png used on input line 3121.
(pdftex.def)             Requested size: 100.37537pt x 100.37321pt.

<figlet.png, id=2989, 590.205pt x 114.4275pt>
File: figlet.png Graphic file (type png)
 <use figlet.png>
Package pdftex.def Info: figlet.png used on input line 3130.
(pdftex.def)             Requested size: 301.1261pt x 58.38168pt.

<cowsay.png, id=2990, 152.2488pt x 54.4434pt>
File: cowsay.png Graphic file (type png)
 <use cowsay.png>
Package pdftex.def Info: cowsay.png used on input line 3144.
(pdftex.def)             Requested size: 301.1261pt x 107.70186pt.
 [79 </home/john/linux_16/final_guide/tarball.png> </home/john/linux_16/final_g
uide/figlet.png> </home/john/linux_16/final_guide/cowsay.png>]
<mr_robot.png, id=3005, 602.25pt x 94.3525pt>
File: mr_robot.png Graphic file (type png)
 <use mr_robot.png>
Package pdftex.def Info: mr_robot.png used on input line 3181.
(pdftex.def)             Requested size: 351.31378pt x 55.0412pt.
 [80 </home/john/linux_16/final_guide/mr_robot.png>]
<allsafe.png, id=3023, 867.99281pt x 702.37407pt>
File: allsafe.png Graphic file (type png)
 <use allsafe.png>
Package pdftex.def Info: allsafe.png used on input line 3195.
(pdftex.def)             Requested size: 471.76422pt x 381.75206pt.

Underfull \hbox (badness 10000) in paragraph at lines 3200--3201

 []

<products.png, id=3024, 892.08281pt x 383.93437pt>
File: products.png Graphic file (type png)
 <use products.png>
Package pdftex.def Info: products.png used on input line 3204.
(pdftex.def)             Requested size: 471.76422pt x 203.039pt.
 [81 </home/john/linux_16/final_guide/allsafe.png> </home/john/linux_16/final_g
uide/products.png>]
Underfull \hbox (badness 10000) in paragraph at lines 3216--3217

 []

<elliot.png, id=3033, 289.08pt x 422.32782pt>
File: elliot.png Graphic file (type png)
 <use elliot.png>
Package pdftex.def Info: elliot.png used on input line 3220.
(pdftex.def)             Requested size: 289.07928pt x 422.32678pt.
 [82 </home/john/linux_16/final_guide/elliot.png>]
<elliot_home_directory.png, id=3043, 551.81157pt x 54.2025pt>
File: elliot_home_directory.png Graphic file (type png)

<use elliot_home_directory.png>
Package pdftex.def Info: elliot_home_directory.png used on input line 3242.
(pdftex.def)             Requested size: 401.50146pt x 39.44012pt.

Underfull \hbox (badness 10000) in paragraph at lines 3246--3247

 []


Underfull \hbox (badness 10000) in paragraph at lines 3256--3257

 []

<elliot_note.png, id=3044, 474.27188pt x 153.57375pt>
File: elliot_note.png Graphic file (type png)
 <use elliot_note.png>
Package pdftex.def Info: elliot_note.png used on input line 3260.
(pdftex.def)             Requested size: 401.50146pt x 130.01338pt.

[83 </home/john/linux_16/final_guide/elliot_home_directory.png> </home/john/lin
ux_16/final_guide/elliot_note.png>] [84]
<angela_password.png, id=3104, 433.62pt x 171.64125pt>
File: angela_password.png Graphic file (type png)

<use angela_password.png>
Package pdftex.def Info: angela_password.png used on input line 3320.
(pdftex.def)             Requested size: 401.50146pt x 158.93588pt.
 <angela.png, id=3105, 256.70906pt x 385.44pt>
File: angela.png Graphic file (type png)

<use angela.png>
Package pdftex.def Info: angela.png used on input line 3330.
(pdftex.def)             Requested size: 230.86334pt x 346.6399pt.
 [85 </home/john/linux_16/final_guide/angela_password.png> </home/john/linux_16
/final_guide/angela.png>]
<angela_robot.png, id=3115, 517.935pt x 84.315pt>
File: angela_robot.png Graphic file (type png)
 <use angela_robot.png>
Package pdftex.def Info: angela_robot.png used on input line 3340.
(pdftex.def)             Requested size: 401.50146pt x 65.36401pt.

Underfull \hbox (badness 10000) in paragraph at lines 3345--3346

 []

<cron.png, id=3116, 536.75531pt x 82.80937pt>
File: cron.png Graphic file (type png)
 <use cron.png>
Package pdftex.def Info: cron.png used on input line 3349.
(pdftex.def)             Requested size: 401.50146pt x 61.9426pt.

<gideon_password.png, id=3117, 436.63126pt x 70.76437pt>
File: gideon_password.png Graphic file (type png)

<use gideon_password.png>
Package pdftex.def Info: gideon_password.png used on input line 3359.
(pdftex.def)             Requested size: 401.50146pt x 65.07161pt.
 <allsafe_image.jpg, id=3118, 240.9pt x 164.41425pt>
File: allsafe_image.jpg Graphic file (type jpg)

<use allsafe_image.jpg>
Package pdftex.def Info: allsafe_image.jpg used on input line 3368.
(pdftex.def)             Requested size: 301.1261pt x 205.53735pt.
 [86 </home/john/linux_16/final_guide/angela_robot.png> </home/john/linux_16/fi
nal_guide/cron.png> </home/john/linux_16/final_guide/gideon_password.png> </hom
e/john/linux_16/final_guide/allsafe_image.jpg>]
<got_gideon.png, id=3131, 391.4625pt x 94.85437pt>
File: got_gideon.png Graphic file (type png)
 <use got_gideon.png>
Package pdftex.def Info: got_gideon.png used on input line 3398.
(pdftex.def)             Requested size: 301.1261pt x 72.9686pt.

<gideon.png, id=3132, 283.81032pt x 377.15906pt>
File: gideon.png Graphic file (type png)
 <use gideon.png>
Package pdftex.def Info: gideon.png used on input line 3404.
(pdftex.def)             Requested size: 200.75073pt x 266.7892pt.
 [87 </home/john/linux_16/final_guide/got_gideon.png> </home/john/linux_16/fina
l_guide/gideon.png>] [88] <mysql.png, id=3169, 1284.8pt x 664.4825pt>
File: mysql.png Graphic file (type png)
 <use mysql.png>
Package pdftex.def Info: mysql.png used on input line 3456.
(pdftex.def)             Requested size: 301.1261pt x 155.7377pt.

<sqlmap.png, id=3170, 606.265pt x 180.675pt>
File: sqlmap.png Graphic file (type png)
 <use sqlmap.png>
Package pdftex.def Info: sqlmap.png used on input line 3469.
(pdftex.def)             Requested size: 301.1261pt x 89.73903pt.
 [89 </home/john/linux_16/final_guide/mysql.png>]
<acuart.png, id=3184, 611.28375pt x 281.55188pt>
File: acuart.png Graphic file (type png)
 <use acuart.png>
Package pdftex.def Info: acuart.png used on input line 3480.
(pdftex.def)             Requested size: 401.50146pt x 184.92691pt.

Underfull \hbox (badness 10000) in paragraph at lines 3484--3485

 []

[90 </home/john/linux_16/final_guide/sqlmap.png> </home/john/linux_16/final_gui
de/acuart.png>]
Underfull \hbox (badness 10000) in paragraph at lines 3532--3533

 []

<distros.png, id=3208, 336.25626pt x 250.9375pt>
File: distros.png Graphic file (type png)
 <use distros.png>
Package pdftex.def Info: distros.png used on input line 3536.
(pdftex.def)             Requested size: 180.67566pt x 134.83415pt.
 [91 </home/john/linux_16/final_guide/distros.png>]
Underfull \hbox (badness 10000) detected at line 3569
\OT1/cmtt/m/n/10.95 /bin /binaries /programs 
 []


Underfull \hbox (badness 10000) detected at line 3572
\OT1/cmtt/m/n/10.95 /tmp /temp /temporary 
 []


Underfull \hbox (badness 10000) detected at line 3575
\OT1/cmtt/m/n/10.95 .script .linux .sh 
 []


Underfull \hbox (badness 10000) detected at line 3579
\OT1/cmtt/m/n/10.95 %:shell[]script #!/bin/bash $/bin/bash 
 []


Underfull \hbox (badness 10000) detected at line 3582
\OT1/cmtt/m/n/10.95 run validate[]linux ./validate[]linux .$validate[]linux 
 []


Overfull \hbox (16.26807pt too wide) in paragraph at lines 3581--3583
[]\OT1/cmr/m/n/10.95 What is the proper syn-tax for in-vok-ing a pro-gram or sc
ript with the file-name \OT1/cmtt/m/n/10.95 validate[]linux
 []


Underfull \hbox (badness 10000) detected at line 3588
\OT1/cmtt/m/n/10.95 sqlmap nikto the[]harvester.py 
 []

[92] [93] <hacker.png, id=3251, 501.875pt x 501.875pt>
File: hacker.png Graphic file (type png)
 <use hacker.png>
Package pdftex.def Info: hacker.png used on input line 3623.
(pdftex.def)             Requested size: 100.37537pt x 100.37321pt.
Package atveryend Info: Empty hook `BeforeClearDocument' on input line 3627.

[94 </home/john/linux_16/final_guide/hacker.png>]
Package atveryend Info: Empty hook `AfterLastShipout' on input line 3627.

(/home/john/linux_16/final_guide/linux_guide.aux)
Package atveryend Info: Executing hook `AtVeryEndDocument' on input line 3627.
Package atveryend Info: Executing hook `AtEndAfterFileList' on input line 3627.

Package rerunfilecheck Info: File `linux_guide.out' has not changed.
(rerunfilecheck)             Checksum: C83C8B250B5055B04FA28D02F8A147FD;8023.
Package atveryend Info: Empty hook `AtVeryVeryEnd' on input line 3627.
 ) 
Here is how much of TeX's memory you used:
 13358 strings out of 494953
 184445 string characters out of 6180977
 396123 words of memory out of 5000000
 14089 multiletter control sequences out of 15000+600000
 11242 words of font info for 40 fonts, out of 8000000 for 9000
 14 hyphenation exceptions out of 8191
 33i,12n,60p,709b,1876s stack positions out of 5000i,500n,10000p,200000b,80000s
</usr/share/texlive/texmf-dist/fonts/type1/public/amsfonts/cm/cmbx10.pfb></us
r/share/texlive/texmf-dist/fonts/type1/public/amsfonts/cm/cmbx12.pfb></usr/shar
e/texlive/texmf-dist/fonts/type1/public/amsfonts/cm/cmbxti10.pfb></usr/share/te
xlive/texmf-dist/fonts/type1/public/amsfonts/cm/cmr10.pfb></usr/share/texlive/t
exmf-dist/fonts/type1/public/amsfonts/cm/cmr6.pfb></usr/share/texlive/texmf-dis
t/fonts/type1/public/amsfonts/cm/cmsl10.pfb></usr/share/texlive/texmf-dist/font
s/type1/public/amsfonts/cm/cmsy10.pfb></usr/share/texlive/texmf-dist/fonts/type
1/public/amsfonts/cm/cmti10.pfb></usr/share/texlive/texmf-dist/fonts/type1/publ
ic/amsfonts/cm/cmtt10.pfb>
Output written on /home/john/linux_16/final_guide/linux_guide.pdf (98 pages, 35
10754 bytes).
PDF statistics:
 3792 PDF objects out of 4296 (max. 8388607)
 3564 compressed objects within 36 object streams
 2385 named destinations out of 2487 (max. 500000)
 1124 words of extra memory for PDF output out of 10000 (max. 10000000)

